Starting web_tt_ss_web_1 ... 
Starting web_tt_ss_web_1 ... done
Attaching to web_tt_ss_web_1
[36mweb_1  |[0m [2025-03-15 09:30:10 +0000] [1] [DEBUG] Current configuration:
[36mweb_1  |[0m   config: ./gunicorn.conf.py
[36mweb_1  |[0m   wsgi_app: None
[36mweb_1  |[0m   bind: ['0.0.0.0:5003']
[36mweb_1  |[0m   backlog: 2048
[36mweb_1  |[0m   workers: 4
[36mweb_1  |[0m   worker_class: sync
[36mweb_1  |[0m   threads: 1
[36mweb_1  |[0m   worker_connections: 1000
[36mweb_1  |[0m   max_requests: 1000
[36mweb_1  |[0m   max_requests_jitter: 50
[36mweb_1  |[0m   timeout: 120
[36mweb_1  |[0m   graceful_timeout: 30
[36mweb_1  |[0m   keepalive: 5
[36mweb_1  |[0m   limit_request_line: 4094
[36mweb_1  |[0m   limit_request_fields: 100
[36mweb_1  |[0m   limit_request_field_size: 8190
[36mweb_1  |[0m   reload: False
[36mweb_1  |[0m   reload_engine: auto
[36mweb_1  |[0m   reload_extra_files: []
[36mweb_1  |[0m   spew: False
[36mweb_1  |[0m   check_config: False
[36mweb_1  |[0m   print_config: False
[36mweb_1  |[0m   preload_app: False
[36mweb_1  |[0m   sendfile: None
[36mweb_1  |[0m   reuse_port: False
[36mweb_1  |[0m   chdir: /app
[36mweb_1  |[0m   daemon: False
[36mweb_1  |[0m   raw_env: []
[36mweb_1  |[0m   pidfile: None
[36mweb_1  |[0m   worker_tmp_dir: None
[36mweb_1  |[0m   user: 1000
[36mweb_1  |[0m   group: 1000
[36mweb_1  |[0m   umask: 0
[36mweb_1  |[0m   initgroups: False
[36mweb_1  |[0m   tmp_upload_dir: None
[36mweb_1  |[0m   secure_scheme_headers: {'X-FORWARDED-PROTOCOL': 'ssl', 'X-FORWARDED-PROTO': 'https', 'X-FORWARDED-SSL': 'on'}
[36mweb_1  |[0m   forwarded_allow_ips: ['127.0.0.1']
[36mweb_1  |[0m   accesslog: -
[36mweb_1  |[0m   disable_redirect_access_to_syslog: False
[36mweb_1  |[0m   access_log_format: %(h)s %(l)s %(u)s %(t)s '%(r)s' %(s)s %(b)s '%(f)s' '%(a)s'
[36mweb_1  |[0m   errorlog: -
[36mweb_1  |[0m   loglevel: debug
[36mweb_1  |[0m   capture_output: False
[36mweb_1  |[0m   logger_class: gunicorn.glogging.Logger
[36mweb_1  |[0m   logconfig: None
[36mweb_1  |[0m   logconfig_dict: {}
[36mweb_1  |[0m   syslog_addr: udp://localhost:514
[36mweb_1  |[0m   syslog: False
[36mweb_1  |[0m   syslog_prefix: None
[36mweb_1  |[0m   syslog_facility: user
[36mweb_1  |[0m   enable_stdio_inheritance: False
[36mweb_1  |[0m   statsd_host: None
[36mweb_1  |[0m   dogstatsd_tags: 
[36mweb_1  |[0m   statsd_prefix: 
[36mweb_1  |[0m   proc_name: None
[36mweb_1  |[0m   default_proc_name: app:app
[36mweb_1  |[0m   pythonpath: None
[36mweb_1  |[0m   paste: None
[36mweb_1  |[0m   on_starting: <function OnStarting.on_starting at 0x7fbb517e94c0>
[36mweb_1  |[0m   on_reload: <function OnReload.on_reload at 0x7fbb517e95e0>
[36mweb_1  |[0m   when_ready: <function WhenReady.when_ready at 0x7fbb517e9700>
[36mweb_1  |[0m   pre_fork: <function Prefork.pre_fork at 0x7fbb517e9820>
[36mweb_1  |[0m   post_fork: <function Postfork.post_fork at 0x7fbb517e9940>
[36mweb_1  |[0m   post_worker_init: <function PostWorkerInit.post_worker_init at 0x7fbb517e9a60>
[36mweb_1  |[0m   worker_int: <function WorkerInt.worker_int at 0x7fbb517e9b80>
[36mweb_1  |[0m   worker_abort: <function WorkerAbort.worker_abort at 0x7fbb517e9ca0>
[36mweb_1  |[0m   pre_exec: <function PreExec.pre_exec at 0x7fbb517e9dc0>
[36mweb_1  |[0m   pre_request: <function PreRequest.pre_request at 0x7fbb517e9ee0>
[36mweb_1  |[0m   post_request: <function PostRequest.post_request at 0x7fbb517e9f70>
[36mweb_1  |[0m   child_exit: <function ChildExit.child_exit at 0x7fbb517fd0d0>
[36mweb_1  |[0m   worker_exit: <function WorkerExit.worker_exit at 0x7fbb517fd1f0>
[36mweb_1  |[0m   nworkers_changed: <function NumWorkersChanged.nworkers_changed at 0x7fbb517fd310>
[36mweb_1  |[0m   on_exit: <function OnExit.on_exit at 0x7fbb517fd430>
[36mweb_1  |[0m   proxy_protocol: False
[36mweb_1  |[0m   proxy_allow_ips: ['127.0.0.1']
[36mweb_1  |[0m   keyfile: None
[36mweb_1  |[0m   certfile: None
[36mweb_1  |[0m   ssl_version: 2
[36mweb_1  |[0m   cert_reqs: 0
[36mweb_1  |[0m   ca_certs: None
[36mweb_1  |[0m   suppress_ragged_eofs: True
[36mweb_1  |[0m   do_handshake_on_connect: False
[36mweb_1  |[0m   ciphers: None
[36mweb_1  |[0m   raw_paste_global_conf: []
[36mweb_1  |[0m   strip_header_spaces: False
[36mweb_1  |[0m [2025-03-15 09:30:10 +0000] [1] [INFO] Starting gunicorn 20.1.0
[36mweb_1  |[0m [2025-03-15 09:30:10 +0000] [1] [DEBUG] Arbiter booted
[36mweb_1  |[0m [2025-03-15 09:30:10 +0000] [1] [INFO] Listening at: http://0.0.0.0:5003 (1)
[36mweb_1  |[0m [2025-03-15 09:30:10 +0000] [1] [INFO] Using worker: sync
[36mweb_1  |[0m [2025-03-15 09:30:10 +0000] [7] [INFO] Booting worker with pid: 7
[36mweb_1  |[0m [2025-03-15 09:30:10 +0000] [8] [INFO] Booting worker with pid: 8
[36mweb_1  |[0m [2025-03-15 09:30:10 +0000] [9] [INFO] Booting worker with pid: 9
[36mweb_1  |[0m [2025-03-15 09:30:10 +0000] [10] [INFO] Booting worker with pid: 10
[36mweb_1  |[0m [2025-03-15 09:30:10 +0000] [1] [DEBUG] 4 workers
[36mweb_1  |[0m [2025-03-15 09:32:08 +0000] [10] [DEBUG] GET /
[36mweb_1  |[0m 172.19.0.1 - - [15/Mar/2025:09:32:08 +0000] 'GET / HTTP/1.1' 200 32154 '-' 'Mozilla/5.0 (Windows NT 10.0; Win64; x64) AppleWebKit/537.36 (KHTML, like Gecko) Chrome/134.0.0.0 Safari/537.36'
[36mweb_1  |[0m [2025-03-15 09:44:29 +0000] [8] [DEBUG] GET /
[36mweb_1  |[0m 172.19.0.1 - - [15/Mar/2025:09:44:29 +0000] 'GET / HTTP/1.1' 200 32154 '-' 'Mozilla/5.0 (Windows NT 10.0; Win64; x64) AppleWebKit/537.36 (KHTML, like Gecko) Chrome/134.0.0.0 Safari/537.36'
[36mweb_1  |[0m [2025-03-15 09:52:51 +0000] [10] [DEBUG] GET /
[36mweb_1  |[0m 172.19.0.1 - - [15/Mar/2025:09:52:51 +0000] 'GET / HTTP/1.1' 200 32154 '-' 'Mozilla/5.0 (X11; Ubuntu; Linux x86_64; rv:59.0) Gecko/20100101 Firefox/59.0'
[36mweb_1  |[0m [2025-03-15 10:00:47 +0000] [9] [DEBUG] GET /
[36mweb_1  |[0m 172.19.0.1 - - [15/Mar/2025:10:00:47 +0000] 'GET / HTTP/1.1' 200 32154 '-' 'Mozilla/5.0 (iPhone; CPU iPhone OS 13_2_3 like Mac OS X) AppleWebKit/605.1.15 (KHTML, like Gecko) Version/13.0.3 Mobile/15E148 Safari/604.1'
[36mweb_1  |[0m [2025-03-15 10:06:22 +0000] [7] [DEBUG] GET /
[36mweb_1  |[0m 172.19.0.1 - - [15/Mar/2025:10:06:22 +0000] 'GET / HTTP/1.1' 200 32154 '-' 'Mozilla/5.0 (iPhone; CPU iPhone OS 13_2_3 like Mac OS X) AppleWebKit/605.1.15 (KHTML, like Gecko) Version/13.0.3 Mobile/15E148 Safari/604.1'
[36mweb_1  |[0m [2025-03-15 10:15:12 +0000] [9] [DEBUG] GET /
[36mweb_1  |[0m 172.19.0.1 - - [15/Mar/2025:10:15:12 +0000] 'GET / HTTP/1.1' 200 32154 '-' 'Mozilla/5.0 (iPhone; CPU iPhone OS 13_2_3 like Mac OS X) AppleWebKit/605.1.15 (KHTML, like Gecko) Version/13.0.3 Mobile/15E148 Safari/604.1'
[36mweb_1  |[0m [2025-03-15 10:22:10 +0000] [9] [DEBUG] GET /
[36mweb_1  |[0m 172.19.0.1 - - [15/Mar/2025:10:22:10 +0000] 'GET / HTTP/1.1' 200 32154 'http://windyzhou.org/' 'Mozilla/5.0 (Windows NT 10.0; Win64; x64) AppleWebKit/537.36 (KHTML, like Gecko) Chrome/130.0.0.0 Safari/537.36'
[36mweb_1  |[0m [2025-03-15 11:28:50 +0000] [8] [DEBUG] GET /robots.txt
[36mweb_1  |[0m 172.19.0.1 - - [15/Mar/2025:11:28:50 +0000] 'GET /robots.txt HTTP/1.1' 404 207 '-' 'Mozilla/5.0 (compatible; Googlebot/2.1; +http://www.google.com/bot.html)'
[36mweb_1  |[0m [2025-03-15 11:28:51 +0000] [8] [DEBUG] GET /
[36mweb_1  |[0m 172.19.0.1 - - [15/Mar/2025:11:28:50 +0000] 'GET / HTTP/1.1' 200 32154 '-' 'Mozilla/5.0 (Linux; Android 6.0.1; Nexus 5X Build/MMB29P) AppleWebKit/537.36 (KHTML, like Gecko) Chrome/99.0.4844.84 Mobile Safari/537.36 (compatible; Googlebot/2.1; +http://www.google.com/bot.html)'
[36mweb_1  |[0m [2025-03-15 11:28:51 +0000] [8] [DEBUG] GET /
[36mweb_1  |[0m 172.19.0.1 - - [15/Mar/2025:11:28:51 +0000] 'GET / HTTP/1.1' 200 32154 '-' 'Mozilla/5.0 (compatible; Googlebot/2.1; +http://www.google.com/bot.html)'
[36mweb_1  |[0m [2025-03-15 11:28:57 +0000] [7] [DEBUG] GET /favicon.ico
[36mweb_1  |[0m 172.19.0.1 - - [15/Mar/2025:11:28:57 +0000] 'GET /favicon.ico HTTP/1.1' 404 207 '-' 'Googlebot-Image/1.0'
[36mweb_1  |[0m [2025-03-15 11:28:58 +0000] [7] [DEBUG] GET /static/180x180.png
[36mweb_1  |[0m 172.19.0.1 - - [15/Mar/2025:11:28:58 +0000] 'GET /static/180x180.png HTTP/1.1' 404 207 '-' 'Googlebot-Image/1.0'
[36mweb_1  |[0m [2025-03-15 11:39:22 +0000] [8] [DEBUG] GET /robots.txt
[36mweb_1  |[0m 172.19.0.1 - - [15/Mar/2025:11:39:22 +0000] 'GET /robots.txt HTTP/1.1' 404 207 '-' 'Mozilla/5.0 (Windows NT 10.0; Win64; x64) AppleWebKit/537.36 (KHTML, like Gecko) Chrome/103.0.5060.134 Safari/537.36'
[36mweb_1  |[0m [2025-03-15 11:43:15 +0000] [10] [DEBUG] GET /
[36mweb_1  |[0m 172.19.0.1 - - [15/Mar/2025:11:43:15 +0000] 'GET / HTTP/1.1' 200 32154 '-' 'Mozilla/5.0 (Linux; Android 10; K) AppleWebKit/537.36 (KHTML, like Gecko) Chrome/132.0.0.0 Mobile Safari/537.36 OPR/87.0.0.0'
[36mweb_1  |[0m [2025-03-15 11:43:20 +0000] [8] [DEBUG] GET /
[36mweb_1  |[0m 172.19.0.1 - - [15/Mar/2025:11:43:20 +0000] 'GET / HTTP/1.1' 200 32154 '-' 'Mozilla/5.0 (iPhone; CPU iPhone OS 11_0 like Mac OS X) AppleWebKit/604.1.38 (KHTML, like Gecko) Version/11.0 Mobile/15A372 Safari/604.1'
[36mweb_1  |[0m [2025-03-15 11:43:21 +0000] [8] [DEBUG] GET /static/180x180.png
[36mweb_1  |[0m 172.19.0.1 - - [15/Mar/2025:11:43:21 +0000] 'GET /static/180x180.png HTTP/1.1' 404 207 '-' 'Go-http-client/1.1'
[36mweb_1  |[0m [2025-03-15 11:43:21 +0000] [10] [DEBUG] GET /apple-touch-icon.png
[36mweb_1  |[0m 172.19.0.1 - - [15/Mar/2025:11:43:21 +0000] 'GET /apple-touch-icon.png HTTP/1.1' 404 207 '-' 'Go-http-client/1.1'
[36mweb_1  |[0m [2025-03-15 11:43:22 +0000] [8] [DEBUG] GET /static/180x180.png
[36mweb_1  |[0m 172.19.0.1 - - [15/Mar/2025:11:43:22 +0000] 'GET /static/180x180.png HTTP/1.1' 404 207 'https://windyzhou.org/' 'Mozilla/5.0 (Linux; Android 10; K) AppleWebKit/537.36 (KHTML, like Gecko) Chrome/132.0.0.0 Mobile Safari/537.36 OPR/87.0.0.0'
[36mweb_1  |[0m [2025-03-15 11:43:27 +0000] [8] [DEBUG] GET /
[36mweb_1  |[0m 172.19.0.1 - - [15/Mar/2025:11:43:27 +0000] 'GET / HTTP/1.1' 200 32154 '-' 'Mozilla/5.0 (Linux; Android 10; K) AppleWebKit/537.36 (KHTML, like Gecko) Chrome/132.0.0.0 Mobile Safari/537.36 OPR/87.0.0.0'
Recreating web_tt_ss_web_1 ... 
[36mweb_1  |[0m [2025-03-15 11:48:03 +0000] [1] [INFO] Handling signal: term
[36mweb_1  |[0m [2025-03-15 11:48:03 +0000] [10] [INFO] Worker exiting (pid: 10)
[36mweb_1  |[0m [2025-03-15 11:48:03 +0000] [7] [INFO] Worker exiting (pid: 7)
[36mweb_1  |[0m [2025-03-15 11:48:03 +0000] [8] [INFO] Worker exiting (pid: 8)
[36mweb_1  |[0m [2025-03-15 11:48:03 +0000] [9] [INFO] Worker exiting (pid: 9)
[36mweb_1  |[0m [2025-03-15 11:48:04 +0000] [1] [INFO] Shutting down: Master
[36mweb_tt_ss_web_1 exited with code 0
[0mRecreating web_tt_ss_web_1 ... done
Attaching to web_tt_ss_web_1
[36mweb_1  |[0m [2025-03-15 11:48:05 +0000] [1] [DEBUG] Current configuration:
[36mweb_1  |[0m   config: ./gunicorn.conf.py
[36mweb_1  |[0m   wsgi_app: None
[36mweb_1  |[0m   bind: ['0.0.0.0:5003']
[36mweb_1  |[0m   backlog: 2048
[36mweb_1  |[0m   workers: 4
[36mweb_1  |[0m   worker_class: sync
[36mweb_1  |[0m   threads: 1
[36mweb_1  |[0m   worker_connections: 1000
[36mweb_1  |[0m   max_requests: 1000
[36mweb_1  |[0m   max_requests_jitter: 50
[36mweb_1  |[0m   timeout: 120
[36mweb_1  |[0m   graceful_timeout: 30
[36mweb_1  |[0m   keepalive: 5
[36mweb_1  |[0m   limit_request_line: 4094
[36mweb_1  |[0m   limit_request_fields: 100
[36mweb_1  |[0m   limit_request_field_size: 8190
[36mweb_1  |[0m   reload: False
[36mweb_1  |[0m   reload_engine: auto
[36mweb_1  |[0m   reload_extra_files: []
[36mweb_1  |[0m   spew: False
[36mweb_1  |[0m   check_config: False
[36mweb_1  |[0m   print_config: False
[36mweb_1  |[0m   preload_app: False
[36mweb_1  |[0m   sendfile: None
[36mweb_1  |[0m   reuse_port: False
[36mweb_1  |[0m   chdir: /app
[36mweb_1  |[0m   daemon: False
[36mweb_1  |[0m   raw_env: []
[36mweb_1  |[0m   pidfile: None
[36mweb_1  |[0m   worker_tmp_dir: None
[36mweb_1  |[0m   user: 1000
[36mweb_1  |[0m   group: 1000
[36mweb_1  |[0m   umask: 0
[36mweb_1  |[0m   initgroups: False
[36mweb_1  |[0m   tmp_upload_dir: None
[36mweb_1  |[0m   secure_scheme_headers: {'X-FORWARDED-PROTOCOL': 'ssl', 'X-FORWARDED-PROTO': 'https', 'X-FORWARDED-SSL': 'on'}
[36mweb_1  |[0m   forwarded_allow_ips: ['127.0.0.1']
[36mweb_1  |[0m   accesslog: -
[36mweb_1  |[0m   disable_redirect_access_to_syslog: False
[36mweb_1  |[0m   access_log_format: %(h)s %(l)s %(u)s %(t)s '%(r)s' %(s)s %(b)s '%(f)s' '%(a)s'
[36mweb_1  |[0m   errorlog: -
[36mweb_1  |[0m   loglevel: debug
[36mweb_1  |[0m   capture_output: False
[36mweb_1  |[0m   logger_class: gunicorn.glogging.Logger
[36mweb_1  |[0m   logconfig: None
[36mweb_1  |[0m   logconfig_dict: {}
[36mweb_1  |[0m   syslog_addr: udp://localhost:514
[36mweb_1  |[0m   syslog: False
[36mweb_1  |[0m   syslog_prefix: None
[36mweb_1  |[0m   syslog_facility: user
[36mweb_1  |[0m   enable_stdio_inheritance: False
[36mweb_1  |[0m   statsd_host: None
[36mweb_1  |[0m   dogstatsd_tags: 
[36mweb_1  |[0m   statsd_prefix: 
[36mweb_1  |[0m   proc_name: None
[36mweb_1  |[0m   default_proc_name: app:app
[36mweb_1  |[0m   pythonpath: None
[36mweb_1  |[0m   paste: None
[36mweb_1  |[0m   on_starting: <function OnStarting.on_starting at 0x7f198270d4c0>
[36mweb_1  |[0m   on_reload: <function OnReload.on_reload at 0x7f198270d5e0>
[36mweb_1  |[0m   when_ready: <function WhenReady.when_ready at 0x7f198270d700>
[36mweb_1  |[0m   pre_fork: <function Prefork.pre_fork at 0x7f198270d820>
[36mweb_1  |[0m   post_fork: <function Postfork.post_fork at 0x7f198270d940>
[36mweb_1  |[0m   post_worker_init: <function PostWorkerInit.post_worker_init at 0x7f198270da60>
[36mweb_1  |[0m   worker_int: <function WorkerInt.worker_int at 0x7f198270db80>
[36mweb_1  |[0m   worker_abort: <function WorkerAbort.worker_abort at 0x7f198270dca0>
[36mweb_1  |[0m   pre_exec: <function PreExec.pre_exec at 0x7f198270ddc0>
[36mweb_1  |[0m   pre_request: <function PreRequest.pre_request at 0x7f198270dee0>
[36mweb_1  |[0m   post_request: <function PostRequest.post_request at 0x7f198270df70>
[36mweb_1  |[0m   child_exit: <function ChildExit.child_exit at 0x7f19827210d0>
[36mweb_1  |[0m   worker_exit: <function WorkerExit.worker_exit at 0x7f19827211f0>
[36mweb_1  |[0m   nworkers_changed: <function NumWorkersChanged.nworkers_changed at 0x7f1982721310>
[36mweb_1  |[0m   on_exit: <function OnExit.on_exit at 0x7f1982721430>
[36mweb_1  |[0m   proxy_protocol: False
[36mweb_1  |[0m   proxy_allow_ips: ['127.0.0.1']
[36mweb_1  |[0m   keyfile: None
[36mweb_1  |[0m   certfile: None
[36mweb_1  |[0m   ssl_version: 2
[36mweb_1  |[0m   cert_reqs: 0
[36mweb_1  |[0m   ca_certs: None
[36mweb_1  |[0m   suppress_ragged_eofs: True
[36mweb_1  |[0m   do_handshake_on_connect: False
[36mweb_1  |[0m   ciphers: None
[36mweb_1  |[0m   raw_paste_global_conf: []
[36mweb_1  |[0m   strip_header_spaces: False
[36mweb_1  |[0m [2025-03-15 11:48:05 +0000] [1] [INFO] Starting gunicorn 20.1.0
[36mweb_1  |[0m [2025-03-15 11:48:05 +0000] [1] [DEBUG] Arbiter booted
[36mweb_1  |[0m [2025-03-15 11:48:05 +0000] [1] [INFO] Listening at: http://0.0.0.0:5003 (1)
[36mweb_1  |[0m [2025-03-15 11:48:05 +0000] [1] [INFO] Using worker: sync
[36mweb_1  |[0m [2025-03-15 11:48:05 +0000] [7] [INFO] Booting worker with pid: 7
[36mweb_1  |[0m [2025-03-15 11:48:05 +0000] [8] [INFO] Booting worker with pid: 8
[36mweb_1  |[0m [2025-03-15 11:48:05 +0000] [9] [INFO] Booting worker with pid: 9
[36mweb_1  |[0m [2025-03-15 11:48:05 +0000] [10] [INFO] Booting worker with pid: 10
[36mweb_1  |[0m [2025-03-15 11:48:05 +0000] [1] [DEBUG] 4 workers
[36mweb_1  |[0m [2025-03-15 11:48:34 +0000] [10] [DEBUG] GET /
[36mweb_1  |[0m 172.19.0.1 - - [15/Mar/2025:11:48:34 +0000] 'GET / HTTP/1.1' 200 32154 '-' 'Mozilla/5.0 (Windows NT 10.0; Win64; x64) AppleWebKit/537.36 (KHTML, like Gecko) Chrome/134.0.0.0 Safari/537.36'
[36mweb_1  |[0m [2025-03-15 11:48:41 +0000] [10] [DEBUG] GET /
[36mweb_1  |[0m 172.19.0.1 - - [15/Mar/2025:11:48:41 +0000] 'GET / HTTP/1.1' 200 32154 '-' 'Mozilla/5.0 (Linux; Android 10; K) AppleWebKit/537.36 (KHTML, like Gecko) Chrome/132.0.0.0 Mobile Safari/537.36 OPR/87.0.0.0'
[36mweb_1  |[0m [2025-03-15 11:48:56 +0000] [9] [DEBUG] GET /
[36mweb_1  |[0m 172.19.0.1 - - [15/Mar/2025:11:48:56 +0000] 'GET / HTTP/1.1' 200 32154 '-' 'Mozilla/5.0 (Linux; Android 10; K) AppleWebKit/537.36 (KHTML, like Gecko) Chrome/132.0.0.0 Mobile Safari/537.36 OPR/87.0.0.0'
[36mweb_1  |[0m [2025-03-15 11:49:20 +0000] [9] [DEBUG] GET /
[36mweb_1  |[0m 172.19.0.1 - - [15/Mar/2025:11:49:20 +0000] 'GET / HTTP/1.1' 200 32154 '-' 'Mozilla/5.0 (Linux; Android 10; K) AppleWebKit/537.36 (KHTML, like Gecko) Chrome/132.0.0.0 Mobile Safari/537.36 OPR/87.0.0.0'
Stopping web_tt_ss_web_1   ... 
Stopping web_tt_ss_web_1   ... done
Gracefully stopping... (press Ctrl+C again to force)
Starting web_tt_ss_web_1 ... 
Starting web_tt_ss_web_1 ... done
Attaching to web_tt_ss_web_1
[36mweb_1  |[0m [2025-03-15 11:50:27 +0000] [1] [DEBUG] Current configuration:
[36mweb_1  |[0m   config: ./gunicorn.conf.py
[36mweb_1  |[0m   wsgi_app: None
[36mweb_1  |[0m   bind: ['0.0.0.0:5003']
[36mweb_1  |[0m   backlog: 2048
[36mweb_1  |[0m   workers: 4
[36mweb_1  |[0m   worker_class: sync
[36mweb_1  |[0m   threads: 1
[36mweb_1  |[0m   worker_connections: 1000
[36mweb_1  |[0m   max_requests: 1000
[36mweb_1  |[0m   max_requests_jitter: 50
[36mweb_1  |[0m   timeout: 120
[36mweb_1  |[0m   graceful_timeout: 30
[36mweb_1  |[0m   keepalive: 5
[36mweb_1  |[0m   limit_request_line: 4094
[36mweb_1  |[0m   limit_request_fields: 100
[36mweb_1  |[0m   limit_request_field_size: 8190
[36mweb_1  |[0m   reload: False
[36mweb_1  |[0m   reload_engine: auto
[36mweb_1  |[0m   reload_extra_files: []
[36mweb_1  |[0m   spew: False
[36mweb_1  |[0m   check_config: False
[36mweb_1  |[0m   print_config: False
[36mweb_1  |[0m   preload_app: False
[36mweb_1  |[0m   sendfile: None
[36mweb_1  |[0m   reuse_port: False
[36mweb_1  |[0m   chdir: /app
[36mweb_1  |[0m   daemon: False
[36mweb_1  |[0m   raw_env: []
[36mweb_1  |[0m   pidfile: None
[36mweb_1  |[0m   worker_tmp_dir: None
[36mweb_1  |[0m   user: 1000
[36mweb_1  |[0m   group: 1000
[36mweb_1  |[0m   umask: 0
[36mweb_1  |[0m   initgroups: False
[36mweb_1  |[0m   tmp_upload_dir: None
[36mweb_1  |[0m   secure_scheme_headers: {'X-FORWARDED-PROTOCOL': 'ssl', 'X-FORWARDED-PROTO': 'https', 'X-FORWARDED-SSL': 'on'}
[36mweb_1  |[0m   forwarded_allow_ips: ['127.0.0.1']
[36mweb_1  |[0m   accesslog: -
[36mweb_1  |[0m   disable_redirect_access_to_syslog: False
[36mweb_1  |[0m   access_log_format: %(h)s %(l)s %(u)s %(t)s '%(r)s' %(s)s %(b)s '%(f)s' '%(a)s'
[36mweb_1  |[0m   errorlog: -
[36mweb_1  |[0m   loglevel: debug
[36mweb_1  |[0m   capture_output: False
[36mweb_1  |[0m   logger_class: gunicorn.glogging.Logger
[36mweb_1  |[0m   logconfig: None
[36mweb_1  |[0m   logconfig_dict: {}
[36mweb_1  |[0m   syslog_addr: udp://localhost:514
[36mweb_1  |[0m   syslog: False
[36mweb_1  |[0m   syslog_prefix: None
[36mweb_1  |[0m   syslog_facility: user
[36mweb_1  |[0m   enable_stdio_inheritance: False
[36mweb_1  |[0m   statsd_host: None
[36mweb_1  |[0m   dogstatsd_tags: 
[36mweb_1  |[0m   statsd_prefix: 
[36mweb_1  |[0m   proc_name: None
[36mweb_1  |[0m   default_proc_name: app:app
[36mweb_1  |[0m   pythonpath: None
[36mweb_1  |[0m   paste: None
[36mweb_1  |[0m   on_starting: <function OnStarting.on_starting at 0x7f60a0dfc4c0>
[36mweb_1  |[0m   on_reload: <function OnReload.on_reload at 0x7f60a0dfc5e0>
[36mweb_1  |[0m   when_ready: <function WhenReady.when_ready at 0x7f60a0dfc700>
[36mweb_1  |[0m   pre_fork: <function Prefork.pre_fork at 0x7f60a0dfc820>
[36mweb_1  |[0m   post_fork: <function Postfork.post_fork at 0x7f60a0dfc940>
[36mweb_1  |[0m   post_worker_init: <function PostWorkerInit.post_worker_init at 0x7f60a0dfca60>
[36mweb_1  |[0m   worker_int: <function WorkerInt.worker_int at 0x7f60a0dfcb80>
[36mweb_1  |[0m   worker_abort: <function WorkerAbort.worker_abort at 0x7f60a0dfcca0>
[36mweb_1  |[0m   pre_exec: <function PreExec.pre_exec at 0x7f60a0dfcdc0>
[36mweb_1  |[0m   pre_request: <function PreRequest.pre_request at 0x7f60a0dfcee0>
[36mweb_1  |[0m   post_request: <function PostRequest.post_request at 0x7f60a0dfcf70>
[36mweb_1  |[0m   child_exit: <function ChildExit.child_exit at 0x7f60a0e100d0>
[36mweb_1  |[0m   worker_exit: <function WorkerExit.worker_exit at 0x7f60a0e101f0>
[36mweb_1  |[0m   nworkers_changed: <function NumWorkersChanged.nworkers_changed at 0x7f60a0e10310>
[36mweb_1  |[0m   on_exit: <function OnExit.on_exit at 0x7f60a0e10430>
[36mweb_1  |[0m   proxy_protocol: False
[36mweb_1  |[0m   proxy_allow_ips: ['127.0.0.1']
[36mweb_1  |[0m   keyfile: None
[36mweb_1  |[0m   certfile: None
[36mweb_1  |[0m   ssl_version: 2
[36mweb_1  |[0m   cert_reqs: 0
[36mweb_1  |[0m   ca_certs: None
[36mweb_1  |[0m   suppress_ragged_eofs: True
[36mweb_1  |[0m   do_handshake_on_connect: False
[36mweb_1  |[0m   ciphers: None
[36mweb_1  |[0m   raw_paste_global_conf: []
[36mweb_1  |[0m   strip_header_spaces: False
[36mweb_1  |[0m [2025-03-15 11:50:27 +0000] [1] [INFO] Starting gunicorn 20.1.0
[36mweb_1  |[0m [2025-03-15 11:50:27 +0000] [1] [DEBUG] Arbiter booted
[36mweb_1  |[0m [2025-03-15 11:50:27 +0000] [1] [INFO] Listening at: http://0.0.0.0:5003 (1)
[36mweb_1  |[0m [2025-03-15 11:50:27 +0000] [1] [INFO] Using worker: sync
[36mweb_1  |[0m [2025-03-15 11:50:27 +0000] [7] [INFO] Booting worker with pid: 7
[36mweb_1  |[0m [2025-03-15 11:50:27 +0000] [8] [INFO] Booting worker with pid: 8
[36mweb_1  |[0m [2025-03-15 11:50:27 +0000] [9] [INFO] Booting worker with pid: 9
[36mweb_1  |[0m [2025-03-15 11:50:27 +0000] [10] [INFO] Booting worker with pid: 10
[36mweb_1  |[0m [2025-03-15 11:50:27 +0000] [1] [DEBUG] 4 workers
[36mweb_1  |[0m [2025-03-15 11:50:37 +0000] [9] [DEBUG] GET /
[36mweb_1  |[0m 172.19.0.1 - - [15/Mar/2025:11:50:37 +0000] 'GET / HTTP/1.1' 200 32154 '-' 'Mozilla/5.0 (Linux; Android 10; K) AppleWebKit/537.36 (KHTML, like Gecko) Chrome/132.0.0.0 Mobile Safari/537.36 OPR/87.0.0.0'
[36mweb_1  |[0m [2025-03-15 11:50:53 +0000] [10] [DEBUG] GET /
[36mweb_1  |[0m 172.19.0.1 - - [15/Mar/2025:11:50:53 +0000] 'GET / HTTP/1.1' 200 32154 '-' 'Mozilla/5.0 (Linux; Android 10; K) AppleWebKit/537.36 (KHTML, like Gecko) Chrome/132.0.0.0 Mobile Safari/537.36 OPR/87.0.0.0'
[36mweb_1  |[0m [2025-03-15 11:51:34 +0000] [8] [DEBUG] GET /
[36mweb_1  |[0m 172.19.0.1 - - [15/Mar/2025:11:51:34 +0000] 'GET / HTTP/1.1' 200 32154 '-' 'Mozilla/5.0 (Linux; Android 10; K) AppleWebKit/537.36 (KHTML, like Gecko) Chrome/132.0.0.0 Mobile Safari/537.36 OPR/87.0.0.0'
[36mweb_1  |[0m [2025-03-15 11:51:39 +0000] [7] [DEBUG] GET /static/180x180.png
[36mweb_1  |[0m 172.19.0.1 - - [15/Mar/2025:11:51:39 +0000] 'GET /static/180x180.png HTTP/1.1' 200 0 'http://10.254.1.49:5003/' 'Mozilla/5.0 (Linux; Android 10; K) AppleWebKit/537.36 (KHTML, like Gecko) Chrome/132.0.0.0 Mobile Safari/537.36 OPR/87.0.0.0'
[36mweb_1  |[0m [2025-03-15 11:52:04 +0000] [7] [DEBUG] GET /
[36mweb_1  |[0m 172.19.0.1 - - [15/Mar/2025:11:52:04 +0000] 'GET / HTTP/1.1' 200 32154 '-' 'Mozilla/5.0 (Linux; Android 10; K) AppleWebKit/537.36 (KHTML, like Gecko) Chrome/132.0.0.0 Mobile Safari/537.36 OPR/87.0.0.0'
[36mweb_1  |[0m [2025-03-15 11:52:14 +0000] [8] [DEBUG] GET /
[36mweb_1  |[0m 172.19.0.1 - - [15/Mar/2025:11:52:14 +0000] 'GET / HTTP/1.1' 200 32154 '-' 'Mozilla/5.0 (Linux; Android 10; K) AppleWebKit/537.36 (KHTML, like Gecko) Chrome/132.0.0.0 Mobile Safari/537.36 OPR/87.0.0.0'
[36mweb_1  |[0m [2025-03-15 11:52:16 +0000] [10] [DEBUG] GET /
[36mweb_1  |[0m 172.19.0.1 - - [15/Mar/2025:11:52:16 +0000] 'GET / HTTP/1.1' 200 32154 '-' 'Mozilla/5.0 (Linux; Android 10; K) AppleWebKit/537.36 (KHTML, like Gecko) Chrome/132.0.0.0 Mobile Safari/537.36 OPR/87.0.0.0'
[36mweb_1  |[0m [2025-03-15 11:52:45 +0000] [9] [DEBUG] GET /
[36mweb_1  |[0m 172.19.0.1 - - [15/Mar/2025:11:52:45 +0000] 'GET / HTTP/1.1' 200 32154 '-' 'Mozilla/5.0 (Linux; Android 10; K) AppleWebKit/537.36 (KHTML, like Gecko) Chrome/132.0.0.0 Mobile Safari/537.36 OPR/87.0.0.0'
[36mweb_1  |[0m [2025-03-15 11:54:08 +0000] [8] [DEBUG] POST /
[36mweb_1  |[0m [2025-03-15 11:54:27,424] ERROR in app: Exception on / [POST]
[36mweb_1  |[0m Traceback (most recent call last):
[36mweb_1  |[0m   File "/usr/local/lib/python3.9/site-packages/flask/app.py", line 1511, in wsgi_app
[36mweb_1  |[0m     response = self.full_dispatch_request()
[36mweb_1  |[0m   File "/usr/local/lib/python3.9/site-packages/flask/app.py", line 920, in full_dispatch_request
[36mweb_1  |[0m     return self.finalize_request(rv)
[36mweb_1  |[0m   File "/usr/local/lib/python3.9/site-packages/flask/app.py", line 939, in finalize_request
[36mweb_1  |[0m     response = self.make_response(rv)
[36mweb_1  |[0m   File "/usr/local/lib/python3.9/site-packages/flask/app.py", line 1212, in make_response
[36mweb_1  |[0m     raise TypeError(
[36mweb_1  |[0m TypeError: The view function for 'index' did not return a valid response. The function either returned None or ended without a return statement.
[36mweb_1  |[0m 已启动无头浏览器...
[36mweb_1  |[0m 正在加载页面...
[36mweb_1  |[0m 爬取过程中出现错误: 
[36mweb_1  |[0m No element found.
[36mweb_1  |[0m Method: ele()
[36mweb_1  |[0m Arguments: {'locator': 'xpath://h1', 'index': 1, 'timeout': 10}
[36mweb_1  |[0m Version: 4.1.0.17
[36mweb_1  |[0m 已关闭浏览器
[36mweb_1  |[0m 172.19.0.1 - - [15/Mar/2025:11:54:27 +0000] 'POST / HTTP/1.1' 500 265 'https://windyzhou.org/' 'Mozilla/5.0 (Linux; Android 10; K) AppleWebKit/537.36 (KHTML, like Gecko) Chrome/132.0.0.0 Mobile Safari/537.36 OPR/87.0.0.0'
[36mweb_1  |[0m [2025-03-15 11:54:42 +0000] [8] [DEBUG] GET /
[36mweb_1  |[0m 172.19.0.1 - - [15/Mar/2025:11:54:42 +0000] 'GET / HTTP/1.1' 200 32154 '-' 'Mozilla/5.0 (Linux; Android 10; K) AppleWebKit/537.36 (KHTML, like Gecko) Chrome/132.0.0.0 Mobile Safari/537.36 OPR/87.0.0.0'
[36mweb_1  |[0m [2025-03-15 11:54:52 +0000] [7] [DEBUG] GET /
[36mweb_1  |[0m 172.19.0.1 - - [15/Mar/2025:11:54:52 +0000] 'GET / HTTP/1.1' 200 32154 '-' 'Mozilla/5.0 (Linux; Android 10; K) AppleWebKit/537.36 (KHTML, like Gecko) Chrome/132.0.0.0 Mobile Safari/537.36 OPR/87.0.0.0'
[36mweb_1  |[0m [2025-03-15 11:55:07 +0000] [10] [DEBUG] POST /
[36mweb_1  |[0m 已启动无头浏览器...
[36mweb_1  |[0m 正在加载页面...
[36mweb_1  |[0m 文章标题: 战斗机训练失事，飞行员成功跳伞
[36mweb_1  |[0m 已关闭浏览器
[36mweb_1  |[0m 172.19.0.1 - - [15/Mar/2025:11:55:32 +0000] 'POST / HTTP/1.1' 200 32581 'https://windyzhou.org/' 'Mozilla/5.0 (Linux; Android 10; K) AppleWebKit/537.36 (KHTML, like Gecko) Chrome/132.0.0.0 Mobile Safari/537.36 OPR/87.0.0.0'
[36mweb_1  |[0m [2025-03-15 11:56:28 +0000] [8] [DEBUG] GET /
[36mweb_1  |[0m 172.19.0.1 - - [15/Mar/2025:11:56:28 +0000] 'GET / HTTP/1.1' 200 32154 '-' 'Mozilla/5.0 (Linux; Android 10; K) AppleWebKit/537.36 (KHTML, like Gecko) Chrome/132.0.0.0 Mobile Safari/537.36 OPR/87.0.0.0'
web_tt_ss_web_1 is up-to-date
Attaching to web_tt_ss_web_1
[36mweb_1  |[0m [2025-03-15 11:48:05 +0000] [1] [DEBUG] Current configuration:
[36mweb_1  |[0m   config: ./gunicorn.conf.py
[36mweb_1  |[0m   wsgi_app: None
[36mweb_1  |[0m   bind: ['0.0.0.0:5003']
[36mweb_1  |[0m   backlog: 2048
[36mweb_1  |[0m   workers: 4
[36mweb_1  |[0m   worker_class: sync
[36mweb_1  |[0m   threads: 1
[36mweb_1  |[0m   worker_connections: 1000
[36mweb_1  |[0m   max_requests: 1000
[36mweb_1  |[0m   max_requests_jitter: 50
[36mweb_1  |[0m   timeout: 120
[36mweb_1  |[0m   graceful_timeout: 30
[36mweb_1  |[0m   keepalive: 5
[36mweb_1  |[0m   limit_request_line: 4094
[36mweb_1  |[0m   limit_request_fields: 100
[36mweb_1  |[0m   limit_request_field_size: 8190
[36mweb_1  |[0m   reload: False
[36mweb_1  |[0m   reload_engine: auto
[36mweb_1  |[0m   reload_extra_files: []
[36mweb_1  |[0m   spew: False
[36mweb_1  |[0m   check_config: False
[36mweb_1  |[0m   print_config: False
[36mweb_1  |[0m   preload_app: False
[36mweb_1  |[0m   sendfile: None
[36mweb_1  |[0m   reuse_port: False
[36mweb_1  |[0m   chdir: /app
[36mweb_1  |[0m   daemon: False
[36mweb_1  |[0m   raw_env: []
[36mweb_1  |[0m   pidfile: None
[36mweb_1  |[0m   worker_tmp_dir: None
[36mweb_1  |[0m   user: 1000
[36mweb_1  |[0m   group: 1000
[36mweb_1  |[0m   umask: 0
[36mweb_1  |[0m   initgroups: False
[36mweb_1  |[0m   tmp_upload_dir: None
[36mweb_1  |[0m   secure_scheme_headers: {'X-FORWARDED-PROTOCOL': 'ssl', 'X-FORWARDED-PROTO': 'https', 'X-FORWARDED-SSL': 'on'}
[36mweb_1  |[0m   forwarded_allow_ips: ['127.0.0.1']
[36mweb_1  |[0m   accesslog: -
[36mweb_1  |[0m   disable_redirect_access_to_syslog: False
[36mweb_1  |[0m   access_log_format: %(h)s %(l)s %(u)s %(t)s '%(r)s' %(s)s %(b)s '%(f)s' '%(a)s'
[36mweb_1  |[0m   errorlog: -
[36mweb_1  |[0m   loglevel: debug
[36mweb_1  |[0m   capture_output: False
[36mweb_1  |[0m   logger_class: gunicorn.glogging.Logger
[36mweb_1  |[0m   logconfig: None
[36mweb_1  |[0m   logconfig_dict: {}
[36mweb_1  |[0m   syslog_addr: udp://localhost:514
[36mweb_1  |[0m   syslog: False
[36mweb_1  |[0m   syslog_prefix: None
[36mweb_1  |[0m   syslog_facility: user
[36mweb_1  |[0m   enable_stdio_inheritance: False
[36mweb_1  |[0m   statsd_host: None
[36mweb_1  |[0m   dogstatsd_tags: 
[36mweb_1  |[0m   statsd_prefix: 
[36mweb_1  |[0m   proc_name: None
[36mweb_1  |[0m   default_proc_name: app:app
[36mweb_1  |[0m   pythonpath: None
[36mweb_1  |[0m   paste: None
[36mweb_1  |[0m   on_starting: <function OnStarting.on_starting at 0x7f198270d4c0>
[36mweb_1  |[0m   on_reload: <function OnReload.on_reload at 0x7f198270d5e0>
[36mweb_1  |[0m   when_ready: <function WhenReady.when_ready at 0x7f198270d700>
[36mweb_1  |[0m   pre_fork: <function Prefork.pre_fork at 0x7f198270d820>
[36mweb_1  |[0m   post_fork: <function Postfork.post_fork at 0x7f198270d940>
[36mweb_1  |[0m   post_worker_init: <function PostWorkerInit.post_worker_init at 0x7f198270da60>
[36mweb_1  |[0m   worker_int: <function WorkerInt.worker_int at 0x7f198270db80>
[36mweb_1  |[0m   worker_abort: <function WorkerAbort.worker_abort at 0x7f198270dca0>
[36mweb_1  |[0m   pre_exec: <function PreExec.pre_exec at 0x7f198270ddc0>
[36mweb_1  |[0m   pre_request: <function PreRequest.pre_request at 0x7f198270dee0>
[36mweb_1  |[0m   post_request: <function PostRequest.post_request at 0x7f198270df70>
[36mweb_1  |[0m   child_exit: <function ChildExit.child_exit at 0x7f19827210d0>
[36mweb_1  |[0m   worker_exit: <function WorkerExit.worker_exit at 0x7f19827211f0>
[36mweb_1  |[0m   nworkers_changed: <function NumWorkersChanged.nworkers_changed at 0x7f1982721310>
[36mweb_1  |[0m   on_exit: <function OnExit.on_exit at 0x7f1982721430>
[36mweb_1  |[0m   proxy_protocol: False
[36mweb_1  |[0m   proxy_allow_ips: ['127.0.0.1']
[36mweb_1  |[0m   keyfile: None
[36mweb_1  |[0m   certfile: None
[36mweb_1  |[0m   ssl_version: 2
[36mweb_1  |[0m   cert_reqs: 0
[36mweb_1  |[0m   ca_certs: None
[36mweb_1  |[0m   suppress_ragged_eofs: True
[36mweb_1  |[0m   do_handshake_on_connect: False
[36mweb_1  |[0m   ciphers: None
[36mweb_1  |[0m   raw_paste_global_conf: []
[36mweb_1  |[0m   strip_header_spaces: False
[36mweb_1  |[0m [2025-03-15 11:48:05 +0000] [1] [INFO] Starting gunicorn 20.1.0
[36mweb_1  |[0m [2025-03-15 11:48:05 +0000] [1] [DEBUG] Arbiter booted
[36mweb_1  |[0m [2025-03-15 11:48:05 +0000] [1] [INFO] Listening at: http://0.0.0.0:5003 (1)
[36mweb_1  |[0m [2025-03-15 11:48:05 +0000] [1] [INFO] Using worker: sync
[36mweb_1  |[0m [2025-03-15 11:48:05 +0000] [7] [INFO] Booting worker with pid: 7
[36mweb_1  |[0m [2025-03-15 11:48:05 +0000] [8] [INFO] Booting worker with pid: 8
[36mweb_1  |[0m [2025-03-15 11:48:05 +0000] [9] [INFO] Booting worker with pid: 9
[36mweb_1  |[0m [2025-03-15 11:48:05 +0000] [10] [INFO] Booting worker with pid: 10
[36mweb_1  |[0m [2025-03-15 11:48:05 +0000] [1] [DEBUG] 4 workers
[36mweb_1  |[0m [2025-03-15 11:48:34 +0000] [10] [DEBUG] GET /
[36mweb_1  |[0m 172.19.0.1 - - [15/Mar/2025:11:48:34 +0000] 'GET / HTTP/1.1' 200 32154 '-' 'Mozilla/5.0 (Windows NT 10.0; Win64; x64) AppleWebKit/537.36 (KHTML, like Gecko) Chrome/134.0.0.0 Safari/537.36'
[36mweb_1  |[0m [2025-03-15 11:48:41 +0000] [10] [DEBUG] GET /
[36mweb_1  |[0m 172.19.0.1 - - [15/Mar/2025:11:48:41 +0000] 'GET / HTTP/1.1' 200 32154 '-' 'Mozilla/5.0 (Linux; Android 10; K) AppleWebKit/537.36 (KHTML, like Gecko) Chrome/132.0.0.0 Mobile Safari/537.36 OPR/87.0.0.0'
[36mweb_1  |[0m [2025-03-15 11:48:56 +0000] [9] [DEBUG] GET /
[36mweb_1  |[0m 172.19.0.1 - - [15/Mar/2025:11:48:56 +0000] 'GET / HTTP/1.1' 200 32154 '-' 'Mozilla/5.0 (Linux; Android 10; K) AppleWebKit/537.36 (KHTML, like Gecko) Chrome/132.0.0.0 Mobile Safari/537.36 OPR/87.0.0.0'
[36mweb_1  |[0m [2025-03-15 11:49:20 +0000] [9] [DEBUG] GET /
[36mweb_1  |[0m 172.19.0.1 - - [15/Mar/2025:11:49:20 +0000] 'GET / HTTP/1.1' 200 32154 '-' 'Mozilla/5.0 (Linux; Android 10; K) AppleWebKit/537.36 (KHTML, like Gecko) Chrome/132.0.0.0 Mobile Safari/537.36 OPR/87.0.0.0'
[36mweb_1  |[0m [2025-03-15 11:50:08 +0000] [1] [INFO] Handling signal: term
[36mweb_1  |[0m [2025-03-15 11:50:08 +0000] [8] [INFO] Worker exiting (pid: 8)
[36mweb_1  |[0m [2025-03-15 11:50:08 +0000] [9] [INFO] Worker exiting (pid: 9)
[36mweb_1  |[0m [2025-03-15 11:50:08 +0000] [7] [INFO] Worker exiting (pid: 7)
[36mweb_1  |[0m [2025-03-15 11:50:08 +0000] [10] [INFO] Worker exiting (pid: 10)
[36mweb_1  |[0m [2025-03-15 11:50:08 +0000] [1] [INFO] Shutting down: Master
[36mweb_1  |[0m [2025-03-15 11:50:27 +0000] [1] [DEBUG] Current configuration:
[36mweb_1  |[0m   config: ./gunicorn.conf.py
[36mweb_1  |[0m   wsgi_app: None
[36mweb_1  |[0m   bind: ['0.0.0.0:5003']
[36mweb_1  |[0m   backlog: 2048
[36mweb_1  |[0m   workers: 4
[36mweb_1  |[0m   worker_class: sync
[36mweb_1  |[0m   threads: 1
[36mweb_1  |[0m   worker_connections: 1000
[36mweb_1  |[0m   max_requests: 1000
[36mweb_1  |[0m   max_requests_jitter: 50
[36mweb_1  |[0m   timeout: 120
[36mweb_1  |[0m   graceful_timeout: 30
[36mweb_1  |[0m   keepalive: 5
[36mweb_1  |[0m   limit_request_line: 4094
[36mweb_1  |[0m   limit_request_fields: 100
[36mweb_1  |[0m   limit_request_field_size: 8190
[36mweb_1  |[0m   reload: False
[36mweb_1  |[0m   reload_engine: auto
[36mweb_1  |[0m   reload_extra_files: []
[36mweb_1  |[0m   spew: False
[36mweb_1  |[0m   check_config: False
[36mweb_1  |[0m   print_config: False
[36mweb_1  |[0m   preload_app: False
[36mweb_1  |[0m   sendfile: None
[36mweb_1  |[0m   reuse_port: False
[36mweb_1  |[0m   chdir: /app
[36mweb_1  |[0m   daemon: False
[36mweb_1  |[0m   raw_env: []
[36mweb_1  |[0m   pidfile: None
[36mweb_1  |[0m   worker_tmp_dir: None
[36mweb_1  |[0m   user: 1000
[36mweb_1  |[0m   group: 1000
[36mweb_1  |[0m   umask: 0
[36mweb_1  |[0m   initgroups: False
[36mweb_1  |[0m   tmp_upload_dir: None
[36mweb_1  |[0m   secure_scheme_headers: {'X-FORWARDED-PROTOCOL': 'ssl', 'X-FORWARDED-PROTO': 'https', 'X-FORWARDED-SSL': 'on'}
[36mweb_1  |[0m   forwarded_allow_ips: ['127.0.0.1']
[36mweb_1  |[0m   accesslog: -
[36mweb_1  |[0m   disable_redirect_access_to_syslog: False
[36mweb_1  |[0m   access_log_format: %(h)s %(l)s %(u)s %(t)s '%(r)s' %(s)s %(b)s '%(f)s' '%(a)s'
[36mweb_1  |[0m   errorlog: -
[36mweb_1  |[0m   loglevel: debug
[36mweb_1  |[0m   capture_output: False
[36mweb_1  |[0m   logger_class: gunicorn.glogging.Logger
[36mweb_1  |[0m   logconfig: None
[36mweb_1  |[0m   logconfig_dict: {}
[36mweb_1  |[0m   syslog_addr: udp://localhost:514
[36mweb_1  |[0m   syslog: False
[36mweb_1  |[0m   syslog_prefix: None
[36mweb_1  |[0m   syslog_facility: user
[36mweb_1  |[0m   enable_stdio_inheritance: False
[36mweb_1  |[0m   statsd_host: None
[36mweb_1  |[0m   dogstatsd_tags: 
[36mweb_1  |[0m   statsd_prefix: 
[36mweb_1  |[0m   proc_name: None
[36mweb_1  |[0m   default_proc_name: app:app
[36mweb_1  |[0m   pythonpath: None
[36mweb_1  |[0m   paste: None
[36mweb_1  |[0m   on_starting: <function OnStarting.on_starting at 0x7f60a0dfc4c0>
[36mweb_1  |[0m   on_reload: <function OnReload.on_reload at 0x7f60a0dfc5e0>
[36mweb_1  |[0m   when_ready: <function WhenReady.when_ready at 0x7f60a0dfc700>
[36mweb_1  |[0m   pre_fork: <function Prefork.pre_fork at 0x7f60a0dfc820>
[36mweb_1  |[0m   post_fork: <function Postfork.post_fork at 0x7f60a0dfc940>
[36mweb_1  |[0m   post_worker_init: <function PostWorkerInit.post_worker_init at 0x7f60a0dfca60>
[36mweb_1  |[0m   worker_int: <function WorkerInt.worker_int at 0x7f60a0dfcb80>
[36mweb_1  |[0m   worker_abort: <function WorkerAbort.worker_abort at 0x7f60a0dfcca0>
[36mweb_1  |[0m   pre_exec: <function PreExec.pre_exec at 0x7f60a0dfcdc0>
[36mweb_1  |[0m   pre_request: <function PreRequest.pre_request at 0x7f60a0dfcee0>
[36mweb_1  |[0m   post_request: <function PostRequest.post_request at 0x7f60a0dfcf70>
[36mweb_1  |[0m   child_exit: <function ChildExit.child_exit at 0x7f60a0e100d0>
[36mweb_1  |[0m   worker_exit: <function WorkerExit.worker_exit at 0x7f60a0e101f0>
[36mweb_1  |[0m   nworkers_changed: <function NumWorkersChanged.nworkers_changed at 0x7f60a0e10310>
[36mweb_1  |[0m   on_exit: <function OnExit.on_exit at 0x7f60a0e10430>
[36mweb_1  |[0m   proxy_protocol: False
[36mweb_1  |[0m   proxy_allow_ips: ['127.0.0.1']
[36mweb_1  |[0m   keyfile: None
[36mweb_1  |[0m   certfile: None
[36mweb_1  |[0m   ssl_version: 2
[36mweb_1  |[0m   cert_reqs: 0
[36mweb_1  |[0m   ca_certs: None
[36mweb_1  |[0m   suppress_ragged_eofs: True
[36mweb_1  |[0m   do_handshake_on_connect: False
[36mweb_1  |[0m   ciphers: None
[36mweb_1  |[0m   raw_paste_global_conf: []
[36mweb_1  |[0m   strip_header_spaces: False
[36mweb_1  |[0m [2025-03-15 11:50:27 +0000] [1] [INFO] Starting gunicorn 20.1.0
[36mweb_1  |[0m [2025-03-15 11:50:27 +0000] [1] [DEBUG] Arbiter booted
[36mweb_1  |[0m [2025-03-15 11:50:27 +0000] [1] [INFO] Listening at: http://0.0.0.0:5003 (1)
[36mweb_1  |[0m [2025-03-15 11:50:27 +0000] [1] [INFO] Using worker: sync
[36mweb_1  |[0m [2025-03-15 11:50:27 +0000] [7] [INFO] Booting worker with pid: 7
[36mweb_1  |[0m [2025-03-15 11:50:27 +0000] [8] [INFO] Booting worker with pid: 8
[36mweb_1  |[0m [2025-03-15 11:50:27 +0000] [9] [INFO] Booting worker with pid: 9
[36mweb_1  |[0m [2025-03-15 11:50:27 +0000] [10] [INFO] Booting worker with pid: 10
[36mweb_1  |[0m [2025-03-15 11:50:27 +0000] [1] [DEBUG] 4 workers
[36mweb_1  |[0m [2025-03-15 11:50:37 +0000] [9] [DEBUG] GET /
[36mweb_1  |[0m 172.19.0.1 - - [15/Mar/2025:11:50:37 +0000] 'GET / HTTP/1.1' 200 32154 '-' 'Mozilla/5.0 (Linux; Android 10; K) AppleWebKit/537.36 (KHTML, like Gecko) Chrome/132.0.0.0 Mobile Safari/537.36 OPR/87.0.0.0'
[36mweb_1  |[0m [2025-03-15 11:50:53 +0000] [10] [DEBUG] GET /
[36mweb_1  |[0m 172.19.0.1 - - [15/Mar/2025:11:50:53 +0000] 'GET / HTTP/1.1' 200 32154 '-' 'Mozilla/5.0 (Linux; Android 10; K) AppleWebKit/537.36 (KHTML, like Gecko) Chrome/132.0.0.0 Mobile Safari/537.36 OPR/87.0.0.0'
[36mweb_1  |[0m [2025-03-15 11:51:34 +0000] [8] [DEBUG] GET /
[36mweb_1  |[0m 172.19.0.1 - - [15/Mar/2025:11:51:34 +0000] 'GET / HTTP/1.1' 200 32154 '-' 'Mozilla/5.0 (Linux; Android 10; K) AppleWebKit/537.36 (KHTML, like Gecko) Chrome/132.0.0.0 Mobile Safari/537.36 OPR/87.0.0.0'
[36mweb_1  |[0m [2025-03-15 11:51:39 +0000] [7] [DEBUG] GET /static/180x180.png
[36mweb_1  |[0m 172.19.0.1 - - [15/Mar/2025:11:51:39 +0000] 'GET /static/180x180.png HTTP/1.1' 200 0 'http://10.254.1.49:5003/' 'Mozilla/5.0 (Linux; Android 10; K) AppleWebKit/537.36 (KHTML, like Gecko) Chrome/132.0.0.0 Mobile Safari/537.36 OPR/87.0.0.0'
[36mweb_1  |[0m [2025-03-15 11:52:04 +0000] [7] [DEBUG] GET /
[36mweb_1  |[0m 172.19.0.1 - - [15/Mar/2025:11:52:04 +0000] 'GET / HTTP/1.1' 200 32154 '-' 'Mozilla/5.0 (Linux; Android 10; K) AppleWebKit/537.36 (KHTML, like Gecko) Chrome/132.0.0.0 Mobile Safari/537.36 OPR/87.0.0.0'
[36mweb_1  |[0m [2025-03-15 11:52:14 +0000] [8] [DEBUG] GET /
[36mweb_1  |[0m 172.19.0.1 - - [15/Mar/2025:11:52:14 +0000] 'GET / HTTP/1.1' 200 32154 '-' 'Mozilla/5.0 (Linux; Android 10; K) AppleWebKit/537.36 (KHTML, like Gecko) Chrome/132.0.0.0 Mobile Safari/537.36 OPR/87.0.0.0'
[36mweb_1  |[0m [2025-03-15 11:52:16 +0000] [10] [DEBUG] GET /
[36mweb_1  |[0m 172.19.0.1 - - [15/Mar/2025:11:52:16 +0000] 'GET / HTTP/1.1' 200 32154 '-' 'Mozilla/5.0 (Linux; Android 10; K) AppleWebKit/537.36 (KHTML, like Gecko) Chrome/132.0.0.0 Mobile Safari/537.36 OPR/87.0.0.0'
[36mweb_1  |[0m [2025-03-15 11:52:45 +0000] [9] [DEBUG] GET /
[36mweb_1  |[0m 172.19.0.1 - - [15/Mar/2025:11:52:45 +0000] 'GET / HTTP/1.1' 200 32154 '-' 'Mozilla/5.0 (Linux; Android 10; K) AppleWebKit/537.36 (KHTML, like Gecko) Chrome/132.0.0.0 Mobile Safari/537.36 OPR/87.0.0.0'
[36mweb_1  |[0m [2025-03-15 11:54:08 +0000] [8] [DEBUG] POST /
[36mweb_1  |[0m [2025-03-15 11:54:27,424] ERROR in app: Exception on / [POST]
[36mweb_1  |[0m Traceback (most recent call last):
[36mweb_1  |[0m   File "/usr/local/lib/python3.9/site-packages/flask/app.py", line 1511, in wsgi_app
[36mweb_1  |[0m     response = self.full_dispatch_request()
[36mweb_1  |[0m   File "/usr/local/lib/python3.9/site-packages/flask/app.py", line 920, in full_dispatch_request
[36mweb_1  |[0m     return self.finalize_request(rv)
[36mweb_1  |[0m   File "/usr/local/lib/python3.9/site-packages/flask/app.py", line 939, in finalize_request
[36mweb_1  |[0m     response = self.make_response(rv)
[36mweb_1  |[0m   File "/usr/local/lib/python3.9/site-packages/flask/app.py", line 1212, in make_response
[36mweb_1  |[0m     raise TypeError(
[36mweb_1  |[0m TypeError: The view function for 'index' did not return a valid response. The function either returned None or ended without a return statement.
[36mweb_1  |[0m 已启动无头浏览器...
[36mweb_1  |[0m 正在加载页面...
[36mweb_1  |[0m 爬取过程中出现错误: 
[36mweb_1  |[0m No element found.
[36mweb_1  |[0m Method: ele()
[36mweb_1  |[0m Arguments: {'locator': 'xpath://h1', 'index': 1, 'timeout': 10}
[36mweb_1  |[0m Version: 4.1.0.17
[36mweb_1  |[0m 已关闭浏览器
[36mweb_1  |[0m 172.19.0.1 - - [15/Mar/2025:11:54:27 +0000] 'POST / HTTP/1.1' 500 265 'https://windyzhou.org/' 'Mozilla/5.0 (Linux; Android 10; K) AppleWebKit/537.36 (KHTML, like Gecko) Chrome/132.0.0.0 Mobile Safari/537.36 OPR/87.0.0.0'
[36mweb_1  |[0m [2025-03-15 11:54:42 +0000] [8] [DEBUG] GET /
[36mweb_1  |[0m 172.19.0.1 - - [15/Mar/2025:11:54:42 +0000] 'GET / HTTP/1.1' 200 32154 '-' 'Mozilla/5.0 (Linux; Android 10; K) AppleWebKit/537.36 (KHTML, like Gecko) Chrome/132.0.0.0 Mobile Safari/537.36 OPR/87.0.0.0'
[36mweb_1  |[0m [2025-03-15 11:54:52 +0000] [7] [DEBUG] GET /
[36mweb_1  |[0m 172.19.0.1 - - [15/Mar/2025:11:54:52 +0000] 'GET / HTTP/1.1' 200 32154 '-' 'Mozilla/5.0 (Linux; Android 10; K) AppleWebKit/537.36 (KHTML, like Gecko) Chrome/132.0.0.0 Mobile Safari/537.36 OPR/87.0.0.0'
[36mweb_1  |[0m [2025-03-15 11:55:07 +0000] [10] [DEBUG] POST /
[36mweb_1  |[0m 已启动无头浏览器...
[36mweb_1  |[0m 正在加载页面...
[36mweb_1  |[0m 文章标题: 战斗机训练失事，飞行员成功跳伞
[36mweb_1  |[0m 已关闭浏览器
[36mweb_1  |[0m 172.19.0.1 - - [15/Mar/2025:11:55:32 +0000] 'POST / HTTP/1.1' 200 32581 'https://windyzhou.org/' 'Mozilla/5.0 (Linux; Android 10; K) AppleWebKit/537.36 (KHTML, like Gecko) Chrome/132.0.0.0 Mobile Safari/537.36 OPR/87.0.0.0'
[36mweb_1  |[0m [2025-03-15 11:56:28 +0000] [8] [DEBUG] GET /
[36mweb_1  |[0m 172.19.0.1 - - [15/Mar/2025:11:56:28 +0000] 'GET / HTTP/1.1' 200 32154 '-' 'Mozilla/5.0 (Linux; Android 10; K) AppleWebKit/537.36 (KHTML, like Gecko) Chrome/132.0.0.0 Mobile Safari/537.36 OPR/87.0.0.0'
[36mweb_1  |[0m [2025-03-15 12:15:34 +0000] [9] [DEBUG] GET /
[36mweb_1  |[0m [2025-03-15 12:15:34 +0000] [9] [DEBUG] GET /
[36mweb_1  |[0m 172.19.0.1 - - [15/Mar/2025:12:15:34 +0000] 'GET / HTTP/1.1' 200 32154 '-' 'Mozilla/5.0 (compatible)'
[36mweb_1  |[0m 172.19.0.1 - - [15/Mar/2025:12:15:34 +0000] 'GET / HTTP/1.1' 200 32154 '-' 'Mozilla/5.0 (compatible)'
[36mweb_1  |[0m [2025-03-15 12:28:39 +0000] [10] [DEBUG] GET /robots.txt
[36mweb_1  |[0m [2025-03-15 12:28:39 +0000] [10] [DEBUG] GET /robots.txt
[36mweb_1  |[0m 172.19.0.1 - - [15/Mar/2025:12:28:39 +0000] 'GET /robots.txt HTTP/1.1' 404 207 '-' 'Mozilla/5.0 (Windows NT 10.0; Win64; x64) AppleWebKit/537.36 (KHTML, like Gecko) Chrome/103.0.5060.134 Safari/537.36'
[36mweb_1  |[0m 172.19.0.1 - - [15/Mar/2025:12:28:39 +0000] 'GET /robots.txt HTTP/1.1' 404 207 '-' 'Mozilla/5.0 (Windows NT 10.0; Win64; x64) AppleWebKit/537.36 (KHTML, like Gecko) Chrome/103.0.5060.134 Safari/537.36'
[36mweb_1  |[0m [2025-03-15 12:40:14 +0000] [10] [DEBUG] GET /
[36mweb_1  |[0m [2025-03-15 12:40:14 +0000] [10] [DEBUG] GET /
[36mweb_1  |[0m 172.19.0.1 - - [15/Mar/2025:12:40:14 +0000] 'GET / HTTP/1.1' 200 32154 '-' 'Mozilla/5.0 (Windows NT 10.0; Win64; x64) AppleWebKit/537.36 (KHTML, like Gecko) Chrome/134.0.0.0 Safari/537.36'
[36mweb_1  |[0m 172.19.0.1 - - [15/Mar/2025:12:40:14 +0000] 'GET / HTTP/1.1' 200 32154 '-' 'Mozilla/5.0 (Windows NT 10.0; Win64; x64) AppleWebKit/537.36 (KHTML, like Gecko) Chrome/134.0.0.0 Safari/537.36'
[36mweb_1  |[0m [2025-03-15 12:45:13 +0000] [10] [DEBUG] GET /
[36mweb_1  |[0m [2025-03-15 12:45:13 +0000] [10] [DEBUG] GET /
[36mweb_1  |[0m 172.19.0.1 - - [15/Mar/2025:12:45:13 +0000] 'GET / HTTP/1.1' 200 32154 '-' 'Mozilla/5.0 (Linux; Android 10; K) AppleWebKit/537.36 (KHTML, like Gecko) Chrome/132.0.0.0 Mobile Safari/537.36 OPR/87.0.0.0'
[36mweb_1  |[0m 172.19.0.1 - - [15/Mar/2025:12:45:13 +0000] 'GET / HTTP/1.1' 200 32154 '-' 'Mozilla/5.0 (Linux; Android 10; K) AppleWebKit/537.36 (KHTML, like Gecko) Chrome/132.0.0.0 Mobile Safari/537.36 OPR/87.0.0.0'
[36mweb_1  |[0m [2025-03-15 12:45:18 +0000] [10] [DEBUG] GET /static/180x180.png
[36mweb_1  |[0m [2025-03-15 12:45:18 +0000] [10] [DEBUG] GET /static/180x180.png
[36mweb_1  |[0m 172.19.0.1 - - [15/Mar/2025:12:45:18 +0000] 'GET /static/180x180.png HTTP/1.1' 200 0 'https://windyzhou.org/' 'Mozilla/5.0 (Linux; Android 10; K) AppleWebKit/537.36 (KHTML, like Gecko) Chrome/132.0.0.0 Mobile Safari/537.36 OPR/87.0.0.0'
[36mweb_1  |[0m 172.19.0.1 - - [15/Mar/2025:12:45:18 +0000] 'GET /static/180x180.png HTTP/1.1' 200 0 'https://windyzhou.org/' 'Mozilla/5.0 (Linux; Android 10; K) AppleWebKit/537.36 (KHTML, like Gecko) Chrome/132.0.0.0 Mobile Safari/537.36 OPR/87.0.0.0'
[36mweb_1  |[0m [2025-03-15 12:45:27 +0000] [8] [DEBUG] GET /
[36mweb_1  |[0m [2025-03-15 12:45:27 +0000] [8] [DEBUG] GET /
[36mweb_1  |[0m 172.19.0.1 - - [15/Mar/2025:12:45:27 +0000] 'GET / HTTP/1.1' 200 32154 '-' 'Mozilla/5.0 (Linux; Android 10; K) AppleWebKit/537.36 (KHTML, like Gecko) Chrome/132.0.0.0 Mobile Safari/537.36 OPR/87.0.0.0'
[36mweb_1  |[0m 172.19.0.1 - - [15/Mar/2025:12:45:27 +0000] 'GET / HTTP/1.1' 200 32154 '-' 'Mozilla/5.0 (Linux; Android 10; K) AppleWebKit/537.36 (KHTML, like Gecko) Chrome/132.0.0.0 Mobile Safari/537.36 OPR/87.0.0.0'
[36mweb_1  |[0m [2025-03-15 12:45:58 +0000] [10] [DEBUG] GET /
[36mweb_1  |[0m [2025-03-15 12:45:58 +0000] [10] [DEBUG] GET /
[36mweb_1  |[0m 172.19.0.1 - - [15/Mar/2025:12:45:58 +0000] 'GET / HTTP/1.1' 200 32154 '-' 'Mozilla/5.0 (Linux; Android 10; K) AppleWebKit/537.36 (KHTML, like Gecko) Chrome/132.0.0.0 Mobile Safari/537.36 OPR/87.0.0.0'
[36mweb_1  |[0m 172.19.0.1 - - [15/Mar/2025:12:45:58 +0000] 'GET / HTTP/1.1' 200 32154 '-' 'Mozilla/5.0 (Linux; Android 10; K) AppleWebKit/537.36 (KHTML, like Gecko) Chrome/132.0.0.0 Mobile Safari/537.36 OPR/87.0.0.0'
[36mweb_1  |[0m [2025-03-15 12:46:22 +0000] [9] [DEBUG] GET /
[36mweb_1  |[0m [2025-03-15 12:46:22 +0000] [9] [DEBUG] GET /
[36mweb_1  |[0m 172.19.0.1 - - [15/Mar/2025:12:46:22 +0000] 'GET / HTTP/1.1' 200 32154 '-' 'Mozilla/5.0 (Linux; Android 10; K) AppleWebKit/537.36 (KHTML, like Gecko) Chrome/132.0.0.0 Mobile Safari/537.36 OPR/87.0.0.0'
[36mweb_1  |[0m 172.19.0.1 - - [15/Mar/2025:12:46:22 +0000] 'GET / HTTP/1.1' 200 32154 '-' 'Mozilla/5.0 (Linux; Android 10; K) AppleWebKit/537.36 (KHTML, like Gecko) Chrome/132.0.0.0 Mobile Safari/537.36 OPR/87.0.0.0'
[36mweb_1  |[0m [2025-03-15 12:55:16 +0000] [9] [DEBUG] GET /
[36mweb_1  |[0m 172.19.0.1 - - [15/Mar/2025:12:55:16 +0000] 'GET / HTTP/1.1' 200 32154 '-' 'Mozilla/5.0 (Linux; Android 10; K) AppleWebKit/537.36 (KHTML, like Gecko) Chrome/132.0.0.0 Mobile Safari/537.36 OPR/87.0.0.0'
[36mweb_1  |[0m [2025-03-15 12:55:16 +0000] [9] [DEBUG] GET /
[36mweb_1  |[0m 172.19.0.1 - - [15/Mar/2025:12:55:16 +0000] 'GET / HTTP/1.1' 200 32154 '-' 'Mozilla/5.0 (Linux; Android 10; K) AppleWebKit/537.36 (KHTML, like Gecko) Chrome/132.0.0.0 Mobile Safari/537.36 OPR/87.0.0.0'
[36mweb_1  |[0m [2025-03-15 12:56:07 +0000] [9] [DEBUG] POST /
[36mweb_1  |[0m [2025-03-15 12:56:07 +0000] [9] [DEBUG] POST /
[36mweb_1  |[0m 已启动无头浏览器...
[36mweb_1  |[0m 正在加载页面...
[36mweb_1  |[0m 已启动无头浏览器...
[36mweb_1  |[0m 文章标题: 韩媒：美国正式确认将韩国列入“敏感国家”，或在政治与外交上引发巨大波澜
[36mweb_1  |[0m 正在加载页面...
[36mweb_1  |[0m 已关闭浏览器
[36mweb_1  |[0m 文章标题: 韩媒：美国正式确认将韩国列入“敏感国家”，或在政治与外交上引发巨大波澜
[36mweb_1  |[0m 已关闭浏览器
[36mweb_1  |[0m 172.19.0.1 - - [15/Mar/2025:12:56:24 +0000] 'POST / HTTP/1.1' 200 34244 'https://windyzhou.org/' 'Mozilla/5.0 (Linux; Android 10; K) AppleWebKit/537.36 (KHTML, like Gecko) Chrome/132.0.0.0 Mobile Safari/537.36 OPR/87.0.0.0'
[36mweb_1  |[0m 172.19.0.1 - - [15/Mar/2025:12:56:24 +0000] 'POST / HTTP/1.1' 200 34244 'https://windyzhou.org/' 'Mozilla/5.0 (Linux; Android 10; K) AppleWebKit/537.36 (KHTML, like Gecko) Chrome/132.0.0.0 Mobile Safari/537.36 OPR/87.0.0.0'
[36mweb_1  |[0m [2025-03-15 12:57:26 +0000] [8] [DEBUG] GET /
[36mweb_1  |[0m [2025-03-15 12:57:26 +0000] [8] [DEBUG] GET /
[36mweb_1  |[0m 172.19.0.1 - - [15/Mar/2025:12:57:26 +0000] 'GET / HTTP/1.1' 200 32154 '-' 'Mozilla/5.0 (Linux; U; Android 15; en-US; 2201122C Build/AQ3A.241006.001) AppleWebKit/537.36 (KHTML, like Gecko) Version/4.0 Chrome/123.0.6312.80 UCBrowser/14.2.5.1347 Mobile Safari/537.36'
[36mweb_1  |[0m 172.19.0.1 - - [15/Mar/2025:12:57:26 +0000] 'GET / HTTP/1.1' 200 32154 '-' 'Mozilla/5.0 (Linux; U; Android 15; en-US; 2201122C Build/AQ3A.241006.001) AppleWebKit/537.36 (KHTML, like Gecko) Version/4.0 Chrome/123.0.6312.80 UCBrowser/14.2.5.1347 Mobile Safari/537.36'
[36mweb_1  |[0m [2025-03-15 12:57:27 +0000] [8] [DEBUG] GET /favicon.ico
[36mweb_1  |[0m [2025-03-15 12:57:27 +0000] [8] [DEBUG] GET /favicon.ico
[36mweb_1  |[0m 172.19.0.1 - - [15/Mar/2025:12:57:27 +0000] 'GET /favicon.ico HTTP/1.1' 404 207 'http://windyzhou.org/' 'Mozilla/5.0 (Linux; U; Android 15; en-US; 2201122C Build/AQ3A.241006.001) AppleWebKit/537.36 (KHTML, like Gecko) Version/4.0 Chrome/123.0.6312.80 UCBrowser/14.2.5.1347 Mobile Safari/537.36'
[36mweb_1  |[0m 172.19.0.1 - - [15/Mar/2025:12:57:27 +0000] 'GET /favicon.ico HTTP/1.1' 404 207 'http://windyzhou.org/' 'Mozilla/5.0 (Linux; U; Android 15; en-US; 2201122C Build/AQ3A.241006.001) AppleWebKit/537.36 (KHTML, like Gecko) Version/4.0 Chrome/123.0.6312.80 UCBrowser/14.2.5.1347 Mobile Safari/537.36'
[36mweb_1  |[0m [2025-03-15 12:57:49 +0000] [9] [DEBUG] GET /
[36mweb_1  |[0m [2025-03-15 12:57:49 +0000] [9] [DEBUG] GET /
[36mweb_1  |[0m 172.19.0.1 - - [15/Mar/2025:12:57:49 +0000] 'GET / HTTP/1.1' 200 32154 '-' 'Mozilla/5.0 (Linux; U; Android 15; en-US; 2201122C Build/AQ3A.241006.001) AppleWebKit/537.36 (KHTML, like Gecko) Version/4.0 Chrome/123.0.6312.80 UCBrowser/14.2.5.1347 Mobile Safari/537.36'
[36mweb_1  |[0m 172.19.0.1 - - [15/Mar/2025:12:57:49 +0000] 'GET / HTTP/1.1' 200 32154 '-' 'Mozilla/5.0 (Linux; U; Android 15; en-US; 2201122C Build/AQ3A.241006.001) AppleWebKit/537.36 (KHTML, like Gecko) Version/4.0 Chrome/123.0.6312.80 UCBrowser/14.2.5.1347 Mobile Safari/537.36'
[36mweb_1  |[0m [2025-03-15 12:58:10 +0000] [9] [DEBUG] POST /
[36mweb_1  |[0m [2025-03-15 12:58:10 +0000] [9] [DEBUG] POST /
[36mweb_1  |[0m 已启动无头浏览器...
[36mweb_1  |[0m 正在加载页面...
[36mweb_1  |[0m 文章标题: 韩媒：美国正式确认将韩国列入“敏感国家”，或在政治与外交上引发巨大波澜
[36mweb_1  |[0m 已关闭浏览器
[36mweb_1  |[0m 172.19.0.1 - - [15/Mar/2025:12:58:23 +0000] 'POST / HTTP/1.1' 200 34244 'http://windyzhou.org/' 'Mozilla/5.0 (Linux; U; Android 15; en-US; 2201122C Build/AQ3A.241006.001) AppleWebKit/537.36 (KHTML, like Gecko) Version/4.0 Chrome/123.0.6312.80 UCBrowser/14.2.5.1347 Mobile Safari/537.36'
[36mweb_1  |[0m 已启动无头浏览器...
[36mweb_1  |[0m 正在加载页面...
[36mweb_1  |[0m 文章标题: 韩媒：美国正式确认将韩国列入“敏感国家”，或在政治与外交上引发巨大波澜
[36mweb_1  |[0m 已关闭浏览器
[36mweb_1  |[0m 172.19.0.1 - - [15/Mar/2025:12:58:23 +0000] 'POST / HTTP/1.1' 200 34244 'http://windyzhou.org/' 'Mozilla/5.0 (Linux; U; Android 15; en-US; 2201122C Build/AQ3A.241006.001) AppleWebKit/537.36 (KHTML, like Gecko) Version/4.0 Chrome/123.0.6312.80 UCBrowser/14.2.5.1347 Mobile Safari/537.36'
[36mweb_1  |[0m [2025-03-15 13:18:17 +0000] [10] [DEBUG] GET /
[36mweb_1  |[0m 172.19.0.1 - - [15/Mar/2025:13:18:17 +0000] 'GET / HTTP/1.1' 200 32154 '-' 'Mozilla/5.0 (compatible; InternetMeasurement/1.0; +https://internet-measurement.com/)'
[36mweb_1  |[0m [2025-03-15 13:18:17 +0000] [10] [DEBUG] GET /
[36mweb_1  |[0m 172.19.0.1 - - [15/Mar/2025:13:18:17 +0000] 'GET / HTTP/1.1' 200 32154 '-' 'Mozilla/5.0 (compatible; InternetMeasurement/1.0; +https://internet-measurement.com/)'
[36mweb_1  |[0m [2025-03-15 13:18:18 +0000] [8] [DEBUG] GET /static/180x180.png
[36mweb_1  |[0m [2025-03-15 13:18:18 +0000] [8] [DEBUG] GET /static/180x180.png
[36mweb_1  |[0m 172.19.0.1 - - [15/Mar/2025:13:18:18 +0000] 'GET /static/180x180.png HTTP/1.1' 200 0 '-' 'Mozilla/5.0 (compatible; InternetMeasurement/1.0; +https://internet-measurement.com/)'
[36mweb_1  |[0m 172.19.0.1 - - [15/Mar/2025:13:18:18 +0000] 'GET /static/180x180.png HTTP/1.1' 200 0 '-' 'Mozilla/5.0 (compatible; InternetMeasurement/1.0; +https://internet-measurement.com/)'
[36mweb_1  |[0m [2025-03-15 13:20:48 +0000] [10] [DEBUG] GET /
[36mweb_1  |[0m [2025-03-15 13:20:48 +0000] [10] [DEBUG] GET /
[36mweb_1  |[0m 172.19.0.1 - - [15/Mar/2025:13:20:48 +0000] 'GET / HTTP/1.1' 200 32154 '-' 'Mozilla/5.0 (Linux; U; Android 15; en-US; 2201122C Build/AQ3A.241006.001) AppleWebKit/537.36 (KHTML, like Gecko) Version/4.0 Chrome/123.0.6312.80 UCBrowser/14.2.5.1347 Mobile Safari/537.36'
[36mweb_1  |[0m 172.19.0.1 - - [15/Mar/2025:13:20:48 +0000] 'GET / HTTP/1.1' 200 32154 '-' 'Mozilla/5.0 (Linux; U; Android 15; en-US; 2201122C Build/AQ3A.241006.001) AppleWebKit/537.36 (KHTML, like Gecko) Version/4.0 Chrome/123.0.6312.80 UCBrowser/14.2.5.1347 Mobile Safari/537.36'
[36mweb_1  |[0m [2025-03-15 13:20:57 +0000] [8] [DEBUG] POST /
[36mweb_1  |[0m [2025-03-15 13:20:57 +0000] [8] [DEBUG] POST /
[36mweb_1  |[0m 已启动无头浏览器...
[36mweb_1  |[0m 正在加载页面...
[36mweb_1  |[0m 文章标题: 10天15亿，智谱屯粮
[36mweb_1  |[0m 已关闭浏览器
[36mweb_1  |[0m 172.19.0.1 - - [15/Mar/2025:13:21:17 +0000] 'POST / HTTP/1.1' 200 38518 'http://windyzhou.org/' 'Mozilla/5.0 (Linux; U; Android 15; en-US; 2201122C Build/AQ3A.241006.001) AppleWebKit/537.36 (KHTML, like Gecko) Version/4.0 Chrome/123.0.6312.80 UCBrowser/14.2.5.1347 Mobile Safari/537.36'
[36mweb_1  |[0m 已启动无头浏览器...
[36mweb_1  |[0m 正在加载页面...
[36mweb_1  |[0m 文章标题: 10天15亿，智谱屯粮
[36mweb_1  |[0m 已关闭浏览器
[36mweb_1  |[0m 172.19.0.1 - - [15/Mar/2025:13:21:17 +0000] 'POST / HTTP/1.1' 200 38518 'http://windyzhou.org/' 'Mozilla/5.0 (Linux; U; Android 15; en-US; 2201122C Build/AQ3A.241006.001) AppleWebKit/537.36 (KHTML, like Gecko) Version/4.0 Chrome/123.0.6312.80 UCBrowser/14.2.5.1347 Mobile Safari/537.36'
[36mweb_1  |[0m [2025-03-15 14:09:04 +0000] [9] [DEBUG] GET /
[36mweb_1  |[0m 172.19.0.1 - - [15/Mar/2025:14:09:04 +0000] 'GET / HTTP/1.1' 200 32154 '-' 'Mozilla/5.0 (compatible; InternetMeasurement/1.0; +https://internet-measurement.com/)'
[36mweb_1  |[0m [2025-03-15 14:09:04 +0000] [9] [DEBUG] GET /
[36mweb_1  |[0m 172.19.0.1 - - [15/Mar/2025:14:09:04 +0000] 'GET / HTTP/1.1' 200 32154 '-' 'Mozilla/5.0 (compatible; InternetMeasurement/1.0; +https://internet-measurement.com/)'
[36mweb_1  |[0m [2025-03-15 15:13:20 +0000] [7] [DEBUG] GET /robots.txt
[36mweb_1  |[0m [2025-03-15 15:13:20 +0000] [7] [DEBUG] GET /robots.txt
[36mweb_1  |[0m 172.19.0.1 - - [15/Mar/2025:15:13:20 +0000] 'GET /robots.txt HTTP/1.1' 404 207 '-' 'Mozilla/5.0 (Windows NT 10.0; Win64; x64) AppleWebKit/537.36 (KHTML, like Gecko) Chrome/103.0.5060.134 Safari/537.36'
[36mweb_1  |[0m 172.19.0.1 - - [15/Mar/2025:15:13:20 +0000] 'GET /robots.txt HTTP/1.1' 404 207 '-' 'Mozilla/5.0 (Windows NT 10.0; Win64; x64) AppleWebKit/537.36 (KHTML, like Gecko) Chrome/103.0.5060.134 Safari/537.36'
[36mweb_1  |[0m [2025-03-15 15:53:54 +0000] [10] [DEBUG] GET /
[36mweb_1  |[0m [2025-03-15 15:53:54 +0000] [10] [DEBUG] GET /
[36mweb_1  |[0m 172.19.0.1 - - [15/Mar/2025:15:53:54 +0000] 'GET / HTTP/1.1' 200 32154 '-' 'Mozilla/5.0 (iPhone; CPU iPhone OS 13_2_3 like Mac OS X) AppleWebKit/605.1.15 (KHTML, like Gecko) Version/13.0.3 Mobile/15E148 Safari/604.1'
[36mweb_1  |[0m 172.19.0.1 - - [15/Mar/2025:15:53:54 +0000] 'GET / HTTP/1.1' 200 32154 '-' 'Mozilla/5.0 (iPhone; CPU iPhone OS 13_2_3 like Mac OS X) AppleWebKit/605.1.15 (KHTML, like Gecko) Version/13.0.3 Mobile/15E148 Safari/604.1'
[36mweb_1  |[0m [2025-03-15 16:33:20 +0000] [8] [DEBUG] GET /robots.txt
[36mweb_1  |[0m [2025-03-15 16:33:20 +0000] [8] [DEBUG] GET /robots.txt
[36mweb_1  |[0m 172.19.0.1 - - [15/Mar/2025:16:33:20 +0000] 'GET /robots.txt HTTP/1.1' 404 207 '-' 'Mozilla/5.0 (Windows NT 10.0; Win64; x64) AppleWebKit/537.36 (KHTML, like Gecko) Chrome/103.0.5060.134 Safari/537.36'
[36mweb_1  |[0m 172.19.0.1 - - [15/Mar/2025:16:33:20 +0000] 'GET /robots.txt HTTP/1.1' 404 207 '-' 'Mozilla/5.0 (Windows NT 10.0; Win64; x64) AppleWebKit/537.36 (KHTML, like Gecko) Chrome/103.0.5060.134 Safari/537.36'
[36mweb_1  |[0m [2025-03-15 16:39:05 +0000] [7] [DEBUG] GET /
[36mweb_1  |[0m 172.19.0.1 - - [15/Mar/2025:16:39:05 +0000] 'GET / HTTP/1.1' 200 32154 '-' 'Mozilla/5.0 (Windows NT 10.0; Win64; x64) AppleWebKit/537.36 (KHTML, like Gecko) Chrome/105.0.0.0 Safari/537.36'
[36mweb_1  |[0m [2025-03-15 16:39:05 +0000] [7] [DEBUG] GET /
[36mweb_1  |[0m 172.19.0.1 - - [15/Mar/2025:16:39:05 +0000] 'GET / HTTP/1.1' 200 32154 '-' 'Mozilla/5.0 (Windows NT 10.0; Win64; x64) AppleWebKit/537.36 (KHTML, like Gecko) Chrome/105.0.0.0 Safari/537.36'
[36mweb_1  |[0m [2025-03-15 16:39:06 +0000] [7] [DEBUG] GET /favicon.ico
[36mweb_1  |[0m [2025-03-15 16:39:06 +0000] [7] [DEBUG] GET /favicon.ico
[36mweb_1  |[0m 172.19.0.1 - - [15/Mar/2025:16:39:06 +0000] 'GET /favicon.ico HTTP/1.1' 404 207 '-' 'Mozilla/5.0 (Windows NT 10.0; Win64; x64) AppleWebKit/537.36 (KHTML, like Gecko) Chrome/105.0.0.0 Safari/537.36'
[36mweb_1  |[0m 172.19.0.1 - - [15/Mar/2025:16:39:06 +0000] 'GET /favicon.ico HTTP/1.1' 404 207 '-' 'Mozilla/5.0 (Windows NT 10.0; Win64; x64) AppleWebKit/537.36 (KHTML, like Gecko) Chrome/105.0.0.0 Safari/537.36'
[36mweb_1  |[0m [2025-03-15 17:40:46 +0000] [8] [DEBUG] GET /robots.txt
[36mweb_1  |[0m [2025-03-15 17:40:46 +0000] [8] [DEBUG] GET /robots.txt
[36mweb_1  |[0m 172.19.0.1 - - [15/Mar/2025:17:40:46 +0000] 'GET /robots.txt HTTP/1.1' 404 207 '-' 'Mozilla/5.0 (Windows NT 10.0; Win64; x64) AppleWebKit/537.36 (KHTML, like Gecko) Chrome/103.0.5060.134 Safari/537.36'
[36mweb_1  |[0m 172.19.0.1 - - [15/Mar/2025:17:40:46 +0000] 'GET /robots.txt HTTP/1.1' 404 207 '-' 'Mozilla/5.0 (Windows NT 10.0; Win64; x64) AppleWebKit/537.36 (KHTML, like Gecko) Chrome/103.0.5060.134 Safari/537.36'
[36mweb_1  |[0m [2025-03-15 17:57:17 +0000] [8] [DEBUG] GET /
[36mweb_1  |[0m [2025-03-15 17:57:17 +0000] [8] [DEBUG] GET /
[36mweb_1  |[0m 172.19.0.1 - - [15/Mar/2025:17:57:17 +0000] 'GET / HTTP/1.1' 200 32154 '-' 'Mozilla/5.0 (compatible; InternetMeasurement/1.0; +https://internet-measurement.com/)'
[36mweb_1  |[0m 172.19.0.1 - - [15/Mar/2025:17:57:17 +0000] 'GET / HTTP/1.1' 200 32154 '-' 'Mozilla/5.0 (compatible; InternetMeasurement/1.0; +https://internet-measurement.com/)'
[36mweb_1  |[0m [2025-03-15 17:57:18 +0000] [7] [DEBUG] GET /static/180x180.png
[36mweb_1  |[0m [2025-03-15 17:57:18 +0000] [7] [DEBUG] GET /static/180x180.png
[36mweb_1  |[0m 172.19.0.1 - - [15/Mar/2025:17:57:18 +0000] 'GET /static/180x180.png HTTP/1.1' 200 0 '-' 'Mozilla/5.0 (compatible; InternetMeasurement/1.0; +https://internet-measurement.com/)'
[36mweb_1  |[0m 172.19.0.1 - - [15/Mar/2025:17:57:18 +0000] 'GET /static/180x180.png HTTP/1.1' 200 0 '-' 'Mozilla/5.0 (compatible; InternetMeasurement/1.0; +https://internet-measurement.com/)'
[36mweb_1  |[0m [2025-03-15 18:06:21 +0000] [9] [DEBUG] GET /
[36mweb_1  |[0m [2025-03-15 18:06:21 +0000] [9] [DEBUG] GET /
[36mweb_1  |[0m 172.19.0.1 - - [15/Mar/2025:18:06:21 +0000] 'GET / HTTP/1.1' 200 32154 '-' 'Mozilla/5.0 (iPhone; CPU iPhone OS 13_2_3 like Mac OS X) AppleWebKit/605.1.15 (KHTML, like Gecko) Version/13.0.3 Mobile/15E148 Safari/604.1'
[36mweb_1  |[0m 172.19.0.1 - - [15/Mar/2025:18:06:21 +0000] 'GET / HTTP/1.1' 200 32154 '-' 'Mozilla/5.0 (iPhone; CPU iPhone OS 13_2_3 like Mac OS X) AppleWebKit/605.1.15 (KHTML, like Gecko) Version/13.0.3 Mobile/15E148 Safari/604.1'
[36mweb_1  |[0m [2025-03-15 19:17:53 +0000] [9] [DEBUG] GET /
[36mweb_1  |[0m 172.19.0.1 - - [15/Mar/2025:19:17:53 +0000] 'GET / HTTP/1.1' 200 32154 '-' 'Mozilla/5.0 (Macintosh; Intel Mac OS X 12_5) AppleWebKit/537.36 (KHTML, like Gecko) Chrome/114.0.0.0 Safari/537.36'
[36mweb_1  |[0m [2025-03-15 19:17:53 +0000] [9] [DEBUG] GET /
[36mweb_1  |[0m 172.19.0.1 - - [15/Mar/2025:19:17:53 +0000] 'GET / HTTP/1.1' 200 32154 '-' 'Mozilla/5.0 (Macintosh; Intel Mac OS X 12_5) AppleWebKit/537.36 (KHTML, like Gecko) Chrome/114.0.0.0 Safari/537.36'
[36mweb_1  |[0m [2025-03-15 19:17:53 +0000] [7] [DEBUG] GET /
[36mweb_1  |[0m [2025-03-15 19:17:53 +0000] [7] [DEBUG] GET /
[36mweb_1  |[0m 172.19.0.1 - - [15/Mar/2025:19:17:53 +0000] 'GET / HTTP/1.1' 200 32154 'http://windyzhou.org' 'Mozilla/5.0 (Macintosh; Intel Mac OS X 12_5) AppleWebKit/537.36 (KHTML, like Gecko) Chrome/114.0.0.0 Safari/537.36'
[36mweb_1  |[0m 172.19.0.1 - - [15/Mar/2025:19:17:53 +0000] 'GET / HTTP/1.1' 200 32154 'http://windyzhou.org' 'Mozilla/5.0 (Macintosh; Intel Mac OS X 12_5) AppleWebKit/537.36 (KHTML, like Gecko) Chrome/114.0.0.0 Safari/537.36'
[36mweb_1  |[0m [2025-03-15 20:15:32 +0000] [8] [DEBUG] GET /
[36mweb_1  |[0m 172.19.0.1 - - [15/Mar/2025:20:15:32 +0000] 'GET / HTTP/1.1' 200 32154 '-' 'Mozilla/5.0 (iPhone; CPU iPhone OS 13_2_3 like Mac OS X) AppleWebKit/605.1.15 (KHTML, like Gecko) Version/13.0.3 Mobile/15E148 Safari/604.1'
[36mweb_1  |[0m [2025-03-15 20:15:32 +0000] [8] [DEBUG] GET /
[36mweb_1  |[0m 172.19.0.1 - - [15/Mar/2025:20:15:32 +0000] 'GET / HTTP/1.1' 200 32154 '-' 'Mozilla/5.0 (iPhone; CPU iPhone OS 13_2_3 like Mac OS X) AppleWebKit/605.1.15 (KHTML, like Gecko) Version/13.0.3 Mobile/15E148 Safari/604.1'
[36mweb_1  |[0m [2025-03-15 20:53:20 +0000] [9] [DEBUG] GET /
[36mweb_1  |[0m 172.19.0.1 - - [15/Mar/2025:20:53:20 +0000] 'GET / HTTP/1.1' 200 32154 '-' 'Mozilla/5.0 (Macintosh; Intel Mac OS X 12_5) AppleWebKit/537.36 (KHTML, like Gecko) Chrome/114.0.0.0 Safari/537.36'
[36mweb_1  |[0m [2025-03-15 20:53:20 +0000] [9] [DEBUG] GET /
[36mweb_1  |[0m 172.19.0.1 - - [15/Mar/2025:20:53:20 +0000] 'GET / HTTP/1.1' 200 32154 '-' 'Mozilla/5.0 (Macintosh; Intel Mac OS X 12_5) AppleWebKit/537.36 (KHTML, like Gecko) Chrome/114.0.0.0 Safari/537.36'
[36mweb_1  |[0m [2025-03-15 20:53:21 +0000] [10] [DEBUG] GET /
[36mweb_1  |[0m [2025-03-15 20:53:21 +0000] [10] [DEBUG] GET /
[36mweb_1  |[0m 172.19.0.1 - - [15/Mar/2025:20:53:21 +0000] 'GET / HTTP/1.1' 200 32154 'http://windyzhou.org' 'Mozilla/5.0 (Macintosh; Intel Mac OS X 12_5) AppleWebKit/537.36 (KHTML, like Gecko) Chrome/114.0.0.0 Safari/537.36'
[36mweb_1  |[0m 172.19.0.1 - - [15/Mar/2025:20:53:21 +0000] 'GET / HTTP/1.1' 200 32154 'http://windyzhou.org' 'Mozilla/5.0 (Macintosh; Intel Mac OS X 12_5) AppleWebKit/537.36 (KHTML, like Gecko) Chrome/114.0.0.0 Safari/537.36'
[36mweb_1  |[0m [2025-03-15 21:02:16 +0000] [9] [DEBUG] GET /
[36mweb_1  |[0m [2025-03-15 21:02:16 +0000] [9] [DEBUG] GET /
[36mweb_1  |[0m 172.19.0.1 - - [15/Mar/2025:21:02:16 +0000] 'GET / HTTP/1.1' 200 32154 '-' 'Mozilla/5.0 (Windows NT 10.0; Win64; x64) AppleWebKit/537.36 (KHTML, like Gecko) Chrome/134.0.0.0 Safari/537.36'
[36mweb_1  |[0m 172.19.0.1 - - [15/Mar/2025:21:02:16 +0000] 'GET / HTTP/1.1' 200 32154 '-' 'Mozilla/5.0 (Windows NT 10.0; Win64; x64) AppleWebKit/537.36 (KHTML, like Gecko) Chrome/134.0.0.0 Safari/537.36'
[36mweb_1  |[0m [2025-03-15 21:07:03 +0000] [1] [INFO] Handling signal: term
[36mweb_1  |[0m [2025-03-15 21:07:03 +0000] [9] [INFO] Worker exiting (pid: 9)
[36mweb_1  |[0m [2025-03-15 21:07:03 +0000] [7] [INFO] Worker exiting (pid: 7)
[36mweb_1  |[0m [2025-03-15 21:07:03 +0000] [8] [INFO] Worker exiting (pid: 8)
[36mweb_1  |[0m [2025-03-15 21:07:03 +0000] [10] [INFO] Worker exiting (pid: 10)
[36mweb_1  |[0m [2025-03-15 21:07:03 +0000] [1] [INFO] Handling signal: term
[36mweb_1  |[0m [2025-03-15 21:07:03 +0000] [9] [INFO] Worker exiting (pid: 9)
[36mweb_1  |[0m [2025-03-15 21:07:03 +0000] [7] [INFO] Worker exiting (pid: 7)
[36mweb_1  |[0m [2025-03-15 21:07:03 +0000] [8] [INFO] Worker exiting (pid: 8)
[36mweb_1  |[0m [2025-03-15 21:07:03 +0000] [10] [INFO] Worker exiting (pid: 10)
[36mweb_tt_ss_web_1 exited with code 137
[0m[36mweb_tt_ss_web_1 exited with code 137
[0m2025-03-16T01:57:28Z INF Starting tunnel tunnelID=a865f4f0-b48a-409e-94ad-2e87e03920da
2025-03-16T01:57:28Z INF Version 2025.2.1 (Checksum afdfadd1ef552e66bffc35246fe30a9bd578356d2d386de95585ccfc432472b8)
2025-03-16T01:57:28Z INF GOOS: linux, GOVersion: go1.22.10, GoArch: amd64
2025-03-16T01:57:28Z INF Settings: map[cred-file:/root/.cloudflared/a865f4f0-b48a-409e-94ad-2e87e03920da.json credentials-file:/root/.cloudflared/a865f4f0-b48a-409e-94ad-2e87e03920da.json]
2025-03-16T01:57:28Z INF Generated Connector ID: 42a5f815-e63d-4643-aec2-c3883aed5ea6
2025-03-16T01:57:28Z INF Autoupdate frequency is set autoupdateFreq=86400000
2025-03-16T01:57:28Z INF Initial protocol quic
2025-03-16T01:57:28Z INF ICMP proxy will use 172.23.45.17 as source for IPv4
2025-03-16T01:57:28Z INF ICMP proxy will use fe80::215:5dff:fe54:9d47 in zone eth0 as source for IPv6
2025-03-16T01:57:28Z INF ICMP proxy will use 172.23.45.17 as source for IPv4
2025-03-16T01:57:28Z INF ICMP proxy will use fe80::215:5dff:fe54:9d47 in zone eth0 as source for IPv6
2025-03-16T01:57:28Z INF Starting metrics server on 127.0.0.1:43817/metrics
2025-03-16T01:57:28Z INF Using [CurveID(4588) CurveID(25497) CurveP256] as curve preferences connIndex=0 event=0 ip=198.41.200.53
2025-03-16T01:57:29Z INF Registered tunnel connection connIndex=0 connection=368f251f-4d61-43d6-a2ee-d3de9743e003 event=0 ip=198.41.200.53 location=sjc08 protocol=quic
2025-03-16T01:57:29Z INF Using [CurveID(4588) CurveID(25497) CurveP256] as curve preferences connIndex=1 event=0 ip=198.41.192.37
2025-03-16T01:57:30Z INF Registered tunnel connection connIndex=1 connection=a76a5aec-dbc6-457b-bc50-0d3e48e1efcf event=0 ip=198.41.192.37 location=hkg01 protocol=quic
2025-03-16T01:57:30Z INF Using [CurveID(4588) CurveID(25497) CurveP256] as curve preferences connIndex=2 event=0 ip=198.41.200.233
2025-03-16T01:57:30Z INF Registered tunnel connection connIndex=2 connection=785c394a-2f55-4d40-a061-e91473bfc303 event=0 ip=198.41.200.233 location=lax06 protocol=quic
2025-03-16T01:57:31Z INF Using [CurveID(4588) CurveID(25497) CurveP256] as curve preferences connIndex=3 event=0 ip=198.41.192.57
2025-03-16T01:57:31Z INF Registered tunnel connection connIndex=3 connection=f506b87e-2542-441b-b5b6-aa743ca727c6 event=0 ip=198.41.192.57 location=sjc06 protocol=quic
2025-03-16T01:57:33Z INF Starting tunnel tunnelID=a865f4f0-b48a-409e-94ad-2e87e03920da
2025-03-16T01:57:33Z INF Version 2025.2.1 (Checksum afdfadd1ef552e66bffc35246fe30a9bd578356d2d386de95585ccfc432472b8)
2025-03-16T01:57:33Z INF GOOS: linux, GOVersion: go1.22.10, GoArch: amd64
2025-03-16T01:57:33Z INF Settings: map[cred-file:/root/.cloudflared/a865f4f0-b48a-409e-94ad-2e87e03920da.json credentials-file:/root/.cloudflared/a865f4f0-b48a-409e-94ad-2e87e03920da.json]
2025-03-16T01:57:33Z INF Autoupdate frequency is set autoupdateFreq=86400000
2025-03-16T01:57:33Z INF Generated Connector ID: cb0d99e0-eaac-4f81-b1ac-d5447377fb6e
2025-03-16T01:57:33Z INF Initial protocol quic
2025-03-16T01:57:33Z INF ICMP proxy will use 172.23.45.17 as source for IPv4
2025-03-16T01:57:33Z INF ICMP proxy will use fe80::215:5dff:fe54:9d47 in zone eth0 as source for IPv6
2025-03-16T01:57:33Z INF ICMP proxy will use 172.23.45.17 as source for IPv4
2025-03-16T01:57:33Z INF ICMP proxy will use fe80::215:5dff:fe54:9d47 in zone eth0 as source for IPv6
2025-03-16T01:57:33Z INF Starting metrics server on 127.0.0.1:35123/metrics
2025-03-16T01:57:33Z INF Using [CurveID(4588) CurveID(25497) CurveP256] as curve preferences connIndex=0 event=0 ip=198.41.200.33
2025-03-16T01:57:34Z INF Registered tunnel connection connIndex=0 connection=cad89db8-09cf-45d3-98f2-fbff78538d96 event=0 ip=198.41.200.33 location=lax01 protocol=quic
2025-03-16T01:57:34Z INF Using [CurveID(4588) CurveID(25497) CurveP256] as curve preferences connIndex=1 event=0 ip=198.41.192.167
2025-03-16T01:57:34Z INF Registered tunnel connection connIndex=1 connection=39979611-8f8f-48b8-9ba1-a4107fad3ee0 event=0 ip=198.41.192.167 location=hkg09 protocol=quic
2025-03-16T01:57:35Z INF Using [CurveID(4588) CurveID(25497) CurveP256] as curve preferences connIndex=2 event=0 ip=198.41.192.57
2025-03-16T01:57:35Z INF Registered tunnel connection connIndex=2 connection=eb04f4d2-64a3-40dd-9139-647e8a8be5bd event=0 ip=198.41.192.57 location=lax09 protocol=quic
2025-03-16T01:57:36Z INF Using [CurveID(4588) CurveID(25497) CurveP256] as curve preferences connIndex=3 event=0 ip=198.41.200.63
2025-03-16T01:57:36Z INF Registered tunnel connection connIndex=3 connection=dd271d03-2df8-4b1d-aa12-ed1755cc5cda event=0 ip=198.41.200.63 location=lax06 protocol=quic
 * Serving Flask app 'app'
 * Debug mode: on
WARNING: This is a development server. Do not use it in a production deployment. Use a production WSGI server instead.
 * Running on all addresses (0.0.0.0)
 * Running on http://127.0.0.1:5003
 * Running on http://172.23.45.17:5003
Press CTRL+C to quit
 * Restarting with stat
 * Debugger is active!
 * Debugger PIN: 766-311-987
2025-03-16T02:32:48Z INF Starting tunnel tunnelID=bcdc9de5-4470-4628-8d9b-8ca34a373ee9
2025-03-16T02:32:48Z INF Version 2025.2.1 (Checksum afdfadd1ef552e66bffc35246fe30a9bd578356d2d386de95585ccfc432472b8)
2025-03-16T02:32:48Z INF GOOS: linux, GOVersion: go1.22.10, GoArch: amd64
2025-03-16T02:32:48Z INF Settings: map[cred-file:/root/.cloudflared/bcdc9de5-4470-4628-8d9b-8ca34a373ee9.json credentials-file:/root/.cloudflared/bcdc9de5-4470-4628-8d9b-8ca34a373ee9.json]
2025-03-16T02:32:48Z INF Generated Connector ID: 92d0e954-69c9-471e-868a-ffa8e74b7aa3
2025-03-16T02:32:48Z INF Autoupdate frequency is set autoupdateFreq=86400000
2025-03-16T02:32:48Z ERR Couldn't start tunnel error="http:///127.0.0.1:5003 is an invalid address, please make sure it has a scheme and a hostname"
http:///127.0.0.1:5003 is an invalid address, please make sure it has a scheme and a hostname
2025-03-16T02:32:55Z INF Starting tunnel tunnelID=bcdc9de5-4470-4628-8d9b-8ca34a373ee9
2025-03-16T02:32:55Z INF Version 2025.2.1 (Checksum afdfadd1ef552e66bffc35246fe30a9bd578356d2d386de95585ccfc432472b8)
2025-03-16T02:32:55Z INF GOOS: linux, GOVersion: go1.22.10, GoArch: amd64
2025-03-16T02:32:55Z INF Settings: map[cred-file:/root/.cloudflared/bcdc9de5-4470-4628-8d9b-8ca34a373ee9.json credentials-file:/root/.cloudflared/bcdc9de5-4470-4628-8d9b-8ca34a373ee9.json]
2025-03-16T02:32:55Z INF Generated Connector ID: 2bfceb78-cc72-4a47-a2b0-c3a73cf01d6e
2025-03-16T02:32:55Z INF Autoupdate frequency is set autoupdateFreq=86400000
2025-03-16T02:32:55Z ERR Couldn't start tunnel error="http:///127.0.0.1:5003 is an invalid address, please make sure it has a scheme and a hostname"
http:///127.0.0.1:5003 is an invalid address, please make sure it has a scheme and a hostname
 * Serving Flask app 'app'
 * Debug mode: on
WARNING: This is a development server. Do not use it in a production deployment. Use a production WSGI server instead.
 * Running on all addresses (0.0.0.0)
 * Running on http://127.0.0.1:5003
 * Running on http://172.23.45.17:5003
Press CTRL+C to quit
 * Restarting with stat
 * Debugger is active!
 * Debugger PIN: 766-311-987
127.0.0.1 - - [16/Mar/2025 10:44:04] "GET / HTTP/1.1" 200 -
127.0.0.1 - - [16/Mar/2025 10:44:05] "GET /favicon.ico HTTP/1.1" 404 -
127.0.0.1 - - [16/Mar/2025 11:22:04] "GET / HTTP/1.1" 200 -
127.0.0.1 - - [16/Mar/2025 11:26:56] "GET / HTTP/1.1" 200 -
127.0.0.1 - - [16/Mar/2025 11:27:03] "GET / HTTP/1.1" 200 -
127.0.0.1 - - [16/Mar/2025 11:27:16] "GET / HTTP/1.1" 200 -
127.0.0.1 - - [16/Mar/2025 11:32:49] "GET / HTTP/1.1" 200 -
127.0.0.1 - - [16/Mar/2025 11:32:52] "GET / HTTP/1.1" 200 -
127.0.0.1 - - [16/Mar/2025 11:34:57] "GET / HTTP/1.1" 200 -
2025-03-16T06:53:28Z INF Starting tunnel tunnelID=bcdc9de5-4470-4628-8d9b-8ca34a373ee9
2025-03-16T06:53:28Z INF Version 2025.2.1 (Checksum afdfadd1ef552e66bffc35246fe30a9bd578356d2d386de95585ccfc432472b8)
2025-03-16T06:53:28Z INF GOOS: linux, GOVersion: go1.22.10, GoArch: amd64
2025-03-16T06:53:28Z INF Settings: map[config:/root/.cloudflared/web_TT_SS_N.yml cred-file:/root/.cloudflared/bcdc9de5-4470-4628-8d9b-8ca34a373ee9.json credentials-file:/root/.cloudflared/bcdc9de5-4470-4628-8d9b-8ca34a373ee9.json]
2025-03-16T06:53:28Z INF Autoupdate frequency is set autoupdateFreq=86400000
2025-03-16T06:53:28Z INF Generated Connector ID: 3a64a9cc-6b73-4264-9b7e-eccfb55f078e
2025-03-16T06:53:28Z INF Starting tunnel tunnelID=6647e3ad-8bed-4a72-bc89-eded4c3464a9
2025-03-16T06:53:28Z INF Version 2025.2.1 (Checksum afdfadd1ef552e66bffc35246fe30a9bd578356d2d386de95585ccfc432472b8)
2025-03-16T06:53:28Z INF GOOS: linux, GOVersion: go1.22.10, GoArch: amd64
2025-03-16T06:53:28Z INF Settings: map[config:/root/.cloudflared/web_TT_SS_C.yml cred-file:/root/.cloudflared/6647e3ad-8bed-4a72-bc89-eded4c3464a9.json credentials-file:/root/.cloudflared/6647e3ad-8bed-4a72-bc89-eded4c3464a9.json]
2025-03-16T06:53:28Z INF Autoupdate frequency is set autoupdateFreq=86400000
2025-03-16T06:53:28Z INF Generated Connector ID: efefbdbf-8e18-4ae7-bc9d-0f72b209c0b1
2025-03-16T06:53:28Z INF Initial protocol quic
2025-03-16T06:53:28Z INF Initial protocol quic
2025-03-16T06:53:28Z INF ICMP proxy will use 172.23.45.17 as source for IPv4
2025-03-16T06:53:28Z INF ICMP proxy will use fe80::215:5dff:fea0:f6eb in zone eth0 as source for IPv6
2025-03-16T06:53:28Z INF ICMP proxy will use 172.23.45.17 as source for IPv4
2025-03-16T06:53:28Z INF ICMP proxy will use fe80::215:5dff:fea0:f6eb in zone eth0 as source for IPv6
2025-03-16T06:53:28Z INF ICMP proxy will use 172.23.45.17 as source for IPv4
2025-03-16T06:53:28Z INF ICMP proxy will use 172.23.45.17 as source for IPv4
2025-03-16T06:53:28Z INF ICMP proxy will use fe80::215:5dff:fea0:f6eb in zone eth0 as source for IPv6
2025-03-16T06:53:28Z INF Starting metrics server on 127.0.0.1:36117/metrics
2025-03-16T06:53:28Z INF ICMP proxy will use fe80::215:5dff:fea0:f6eb in zone eth0 as source for IPv6
2025-03-16T06:53:28Z INF Starting metrics server on 127.0.0.1:44375/metrics
2025-03-16T06:53:28Z INF Using [CurveID(4588) CurveID(25497) CurveP256] as curve preferences connIndex=0 event=0 ip=198.41.192.47
2025-03-16T06:53:28Z INF Using [CurveID(4588) CurveID(25497) CurveP256] as curve preferences connIndex=0 event=0 ip=198.41.192.57
2025-03-16T06:53:29Z INF Registered tunnel connection connIndex=0 connection=c7384cce-48cb-4247-a666-8a0053bc6509 event=0 ip=198.41.192.57 location=sjc06 protocol=quic
2025-03-16T06:53:29Z INF Using [CurveID(4588) CurveID(25497) CurveP256] as curve preferences connIndex=1 event=0 ip=198.41.200.43
2025-03-16T06:53:29Z INF Registered tunnel connection connIndex=0 connection=72aae8ca-bf4c-4ce5-89cc-ec34075e7826 event=0 ip=198.41.192.47 location=sjc01 protocol=quic
2025-03-16T06:53:29Z INF Using [CurveID(4588) CurveID(25497) CurveP256] as curve preferences connIndex=1 event=0 ip=198.41.200.193
2025-03-16T06:53:29Z INF Registered tunnel connection connIndex=1 connection=e176b53b-8983-4dd4-ac54-187ec693b2b3 event=0 ip=198.41.200.43 location=lax01 protocol=quic
2025-03-16T06:53:30Z INF Using [CurveID(4588) CurveID(25497) CurveP256] as curve preferences connIndex=2 event=0 ip=198.41.200.63
2025-03-16T06:53:30Z INF Using [CurveID(4588) CurveID(25497) CurveP256] as curve preferences connIndex=2 event=0 ip=198.41.200.33
2025-03-16T06:53:30Z INF Registered tunnel connection connIndex=2 connection=4983a60a-ebac-466e-8207-d2f4bcdbe954 event=0 ip=198.41.200.63 location=sjc05 protocol=quic
2025-03-16T06:53:31Z INF Using [CurveID(4588) CurveID(25497) CurveP256] as curve preferences connIndex=3 event=0 ip=198.41.192.37
2025-03-16T06:53:31Z INF Using [CurveID(4588) CurveID(25497) CurveP256] as curve preferences connIndex=3 event=0 ip=198.41.192.77
2025-03-16T06:53:31Z INF Registered tunnel connection connIndex=2 connection=403bb884-2a41-4200-bd7c-e40fcb033dec event=0 ip=198.41.200.33 location=lax06 protocol=quic
2025-03-16T06:53:31Z INF Registered tunnel connection connIndex=3 connection=a20f80ff-6f10-4368-a96b-7fa92e3f773c event=0 ip=198.41.192.37 location=lax07 protocol=quic
2025-03-16T06:53:32Z INF Registered tunnel connection connIndex=3 connection=385c7d01-ee69-4629-b5cf-2c03c4b3355d event=0 ip=198.41.192.77 location=lax05 protocol=quic
2025-03-16T06:53:34Z WRN Failed to dial a quic connection error="failed to dial to edge with quic: timeout: no recent network activity" connIndex=1 event=0 ip=198.41.200.193
2025-03-16T06:53:34Z INF Retrying connection in up to 2s connIndex=1 event=0 ip=198.41.200.193
2025-03-16T06:53:35Z WRN Connection terminated error="failed to dial to edge with quic: timeout: no recent network activity" connIndex=1
2025-03-16T06:53:49Z INF Using [CurveID(4588) CurveID(25497) CurveP256] as curve preferences connIndex=1 event=0 ip=198.41.200.233
2025-03-16T06:53:50Z INF Registered tunnel connection connIndex=1 connection=8b38b25c-5af2-4a86-868b-479ffd021ea6 event=0 ip=198.41.200.233 location=lax01 protocol=quic
2025-03-16T06:55:02Z INF Starting tunnel tunnelID=6647e3ad-8bed-4a72-bc89-eded4c3464a9
2025-03-16T06:55:02Z INF Version 2025.2.1 (Checksum afdfadd1ef552e66bffc35246fe30a9bd578356d2d386de95585ccfc432472b8)
2025-03-16T06:55:02Z INF GOOS: linux, GOVersion: go1.22.10, GoArch: amd64
2025-03-16T06:55:02Z INF Settings: map[config:/root/.cloudflared/web_TT_SS_C.yml cred-file:/root/.cloudflared/6647e3ad-8bed-4a72-bc89-eded4c3464a9.json credentials-file:/root/.cloudflared/6647e3ad-8bed-4a72-bc89-eded4c3464a9.json]
2025-03-16T06:55:02Z INF Autoupdate frequency is set autoupdateFreq=86400000
2025-03-16T06:55:02Z INF Generated Connector ID: 6d899c03-feea-4b9b-8fae-441279c4d66d
2025-03-16T06:55:02Z INF Starting tunnel tunnelID=bcdc9de5-4470-4628-8d9b-8ca34a373ee9
2025-03-16T06:55:02Z INF Version 2025.2.1 (Checksum afdfadd1ef552e66bffc35246fe30a9bd578356d2d386de95585ccfc432472b8)
2025-03-16T06:55:02Z INF GOOS: linux, GOVersion: go1.22.10, GoArch: amd64
2025-03-16T06:55:02Z INF Settings: map[config:/root/.cloudflared/web_TT_SS_N.yml cred-file:/root/.cloudflared/bcdc9de5-4470-4628-8d9b-8ca34a373ee9.json credentials-file:/root/.cloudflared/bcdc9de5-4470-4628-8d9b-8ca34a373ee9.json]
2025-03-16T06:55:02Z INF Generated Connector ID: 1b8be771-8fef-4b01-a1cc-25a034051b6a
2025-03-16T06:55:02Z INF Autoupdate frequency is set autoupdateFreq=86400000
2025-03-16T06:55:02Z INF Initial protocol quic
2025-03-16T06:55:02Z INF Initial protocol quic
2025-03-16T06:55:02Z INF ICMP proxy will use 172.23.45.17 as source for IPv4
2025-03-16T06:55:02Z INF ICMP proxy will use 172.23.45.17 as source for IPv4
2025-03-16T06:55:02Z INF ICMP proxy will use fe80::215:5dff:fea0:f6eb in zone eth0 as source for IPv6
2025-03-16T06:55:02Z INF ICMP proxy will use fe80::215:5dff:fea0:f6eb in zone eth0 as source for IPv6
2025-03-16T06:55:02Z INF ICMP proxy will use 172.23.45.17 as source for IPv4
2025-03-16T06:55:02Z INF ICMP proxy will use fe80::215:5dff:fea0:f6eb in zone eth0 as source for IPv6
2025-03-16T06:55:02Z INF Starting metrics server on 127.0.0.1:45777/metrics
2025-03-16T06:55:02Z INF ICMP proxy will use 172.23.45.17 as source for IPv4
2025-03-16T06:55:02Z INF ICMP proxy will use fe80::215:5dff:fea0:f6eb in zone eth0 as source for IPv6
2025-03-16T06:55:02Z INF Starting metrics server on 127.0.0.1:43969/metrics
2025-03-16T06:55:02Z INF Using [CurveID(4588) CurveID(25497) CurveP256] as curve preferences connIndex=0 event=0 ip=198.41.200.53
2025-03-16T06:55:02Z INF Using [CurveID(4588) CurveID(25497) CurveP256] as curve preferences connIndex=0 event=0 ip=198.41.200.33
2025-03-16T06:55:02Z INF Registered tunnel connection connIndex=0 connection=478225e0-8062-4e7b-8734-782f799ecd86 event=0 ip=198.41.200.33 location=sjc08 protocol=quic
2025-03-16T06:55:02Z INF Using [CurveID(4588) CurveID(25497) CurveP256] as curve preferences connIndex=1 event=0 ip=198.41.192.107
2025-03-16T06:55:03Z INF Registered tunnel connection connIndex=0 connection=99bc4392-7cea-4fa6-b6be-7eafcc21f1bb event=0 ip=198.41.200.53 location=hkg11 protocol=quic
2025-03-16T06:55:03Z INF Using [CurveID(4588) CurveID(25497) CurveP256] as curve preferences connIndex=1 event=0 ip=198.41.192.107
2025-03-16T06:55:03Z INF Registered tunnel connection connIndex=1 connection=848b9a98-2082-4f9e-a58f-63510c613334 event=0 ip=198.41.192.107 location=lax09 protocol=quic
2025-03-16T06:55:03Z INF Using [CurveID(4588) CurveID(25497) CurveP256] as curve preferences connIndex=2 event=0 ip=198.41.200.193
2025-03-16T06:55:03Z INF Registered tunnel connection connIndex=1 connection=f666e95c-4f22-4c4e-a39a-dcacc5b73ea1 event=0 ip=198.41.192.107 location=hkg01 protocol=quic
2025-03-16T06:55:04Z INF Using [CurveID(4588) CurveID(25497) CurveP256] as curve preferences connIndex=2 event=0 ip=198.41.192.57
2025-03-16T06:55:04Z INF Using [CurveID(4588) CurveID(25497) CurveP256] as curve preferences connIndex=3 event=0 ip=198.41.192.7
2025-03-16T06:55:05Z INF Using [CurveID(4588) CurveID(25497) CurveP256] as curve preferences connIndex=3 event=0 ip=198.41.200.13
2025-03-16T06:55:05Z INF Registered tunnel connection connIndex=2 connection=e65f83a3-b9eb-4dc4-b271-bc14d98064e5 event=0 ip=198.41.192.57 location=lax05 protocol=quic
2025-03-16T06:55:05Z INF Registered tunnel connection connIndex=3 connection=1366f4c6-d1dc-4d35-b7d6-95eac842b58b event=0 ip=198.41.192.7 location=lax05 protocol=quic
2025-03-16T06:55:05Z INF Registered tunnel connection connIndex=3 connection=b5d33cdb-21ae-415b-be9b-23a0f75662cc event=0 ip=198.41.200.13 location=hkg12 protocol=quic
2025-03-16T06:55:08Z WRN Failed to dial a quic connection error="failed to dial to edge with quic: timeout: no recent network activity" connIndex=2 event=0 ip=198.41.200.193
2025-03-16T06:55:08Z INF Retrying connection in up to 2s connIndex=2 event=0 ip=198.41.200.193
2025-03-16T06:55:10Z WRN Connection terminated error="failed to dial to edge with quic: timeout: no recent network activity" connIndex=2
2025-03-16T06:55:11Z INF Using [CurveID(4588) CurveID(25497) CurveP256] as curve preferences connIndex=2 event=0 ip=198.41.200.73
2025-03-16T06:55:16Z WRN Failed to dial a quic connection error="failed to dial to edge with quic: timeout: no recent network activity" connIndex=2 event=0 ip=198.41.200.73
2025-03-16T06:55:16Z INF Retrying connection in up to 4s connIndex=2 event=0 ip=198.41.200.73
2025-03-16T06:55:17Z WRN Connection terminated error="failed to dial to edge with quic: timeout: no recent network activity" connIndex=2
